#
# There is insufficient memory for the Java Runtime Environment to continue.
# Native memory allocation (mmap) failed to map 1048576 bytes for G1 virtual space
# Possible reasons:
#   The system is out of physical RAM or swap space
#   The process is running with CompressedOops enabled, and the Java Heap may be blocking the growth of the native heap
# Possible solutions:
#   Reduce memory load on the system
#   Increase physical memory or swap space
#   Check if swap backing store is full
#   Decrease Java heap size (-Xmx/-Xms)
#   Decrease number of Java threads
#   Decrease Java thread stack sizes (-Xss)
#   Set larger code cache with -XX:ReservedCodeCacheSize=
#   JVM is running with Unscaled Compressed Oops mode in which the Java heap is
#     placed in the first 4GB address space. The Java Heap base address is the
#     maximum limit for the native heap growth. Please use -XX:HeapBaseMinAddress
#     to set the Java Heap base and to place the Java Heap above 4GB virtual address.
# This output file may be truncated or incomplete.
#
#  Out of Memory Error (os_windows.cpp:3536), pid=24516, tid=17920
#
# JRE version: Java(TM) SE Runtime Environment (19.0.2+7) (build 19.0.2+7-44)
# Java VM: Java HotSpot(TM) 64-Bit Server VM (19.0.2+7-44, mixed mode, sharing, tiered, compressed oops, compressed class ptrs, g1 gc, windows-amd64)
# No core dump will be written. Minidumps are not enabled by default on client versions of Windows
#

---------------  S U M M A R Y ------------

Command Line: -javaagent:C:\Program Files\JetBrains\IntelliJ IDEA Community Edition 2022.3.2\lib\idea_rt.jar=55356:C:\Program Files\JetBrains\IntelliJ IDEA Community Edition 2022.3.2\bin -Dfile.encoding=UTF-8 -Dsun.stdout.encoding=UTF-8 -Dsun.stderr.encoding=UTF-8 shop.Main

Host: Intel(R) Xeon(R) CPU           E5440  @ 2.83GHz, 4 cores, 7G,  Windows 10 , 64 bit Build 19041 (10.0.19041.2546)
Time: Fri Mar 10 22:20:14 2023  Windows 10 , 64 bit Build 19041 (10.0.19041.2546) elapsed time: 32.560223 seconds (0d 0h 0m 32s)

---------------  T H R E A D  ---------------

Current thread (0x000002c1cce43d80):  JavaThread "http-nio-8084-exec-2" daemon [_thread_in_vm, id=17920, stack(0x000000d03ea00000,0x000000d03eb00000)]

Stack: [0x000000d03ea00000,0x000000d03eb00000]
Native frames: (J=compiled Java code, j=interpreted, Vv=VM code, C=native code)
V  [jvm.dll+0x6ee21a]
V  [jvm.dll+0x85765e]
V  [jvm.dll+0x85904e]
V  [jvm.dll+0x859703]
V  [jvm.dll+0x28298f]
V  [jvm.dll+0x6eb009]
V  [jvm.dll+0x6dfbaa]
V  [jvm.dll+0x3573f6]
V  [jvm.dll+0x35ee56]
V  [jvm.dll+0x3b510b]
V  [jvm.dll+0x3b5734]
V  [jvm.dll+0x3b52e6]
V  [jvm.dll+0x32ce34]
V  [jvm.dll+0x32af26]
V  [jvm.dll+0x6819a3]
V  [jvm.dll+0x243db2]
V  [jvm.dll+0x81e297]
V  [jvm.dll+0x3dc55a]
C  0x000002c1b6becfe8

Java frames: (J=compiled Java code, j=interpreted, Vv=VM code)
j  java.nio.HeapByteBuffer.<init>(IILjava/lang/foreign/MemorySegment;)V+6 java.base@19.0.2
j  java.nio.ByteBuffer.allocate(I)Ljava/nio/ByteBuffer;+16 java.base@19.0.2
j  org.apache.coyote.http11.Http11InputBuffer.init(Lorg/apache/tomcat/util/net/SocketWrapperBase;)V+52
j  org.apache.coyote.http11.Http11Processor.setSocketWrapper(Lorg/apache/tomcat/util/net/SocketWrapperBase;)V+10
j  org.apache.coyote.http11.Http11Processor.service(Lorg/apache/tomcat/util/net/SocketWrapperBase;)Lorg/apache/tomcat/util/net/AbstractEndpoint$Handler$SocketState;+15
j  org.apache.coyote.AbstractProcessorLight.process(Lorg/apache/tomcat/util/net/SocketWrapperBase;Lorg/apache/tomcat/util/net/SocketEvent;)Lorg/apache/tomcat/util/net/AbstractEndpoint$Handler$SocketState;+152
j  org.apache.coyote.AbstractProtocol$ConnectionHandler.process(Lorg/apache/tomcat/util/net/SocketWrapperBase;Lorg/apache/tomcat/util/net/SocketEvent;)Lorg/apache/tomcat/util/net/AbstractEndpoint$Handler$SocketState;+482
j  org.apache.tomcat.util.net.NioEndpoint$SocketProcessor.doRun()V+249
j  org.apache.tomcat.util.net.SocketProcessorBase.run()V+32
j  org.apache.tomcat.util.threads.ThreadPoolExecutor.runWorker(Lorg/apache/tomcat/util/threads/ThreadPoolExecutor$Worker;)V+92
j  org.apache.tomcat.util.threads.ThreadPoolExecutor$Worker.run()V+5
j  org.apache.tomcat.util.threads.TaskThread$WrappingRunnable.run()V+4
j  java.lang.Thread.run()V+13 java.base@19.0.2
v  ~StubRoutines::call_stub 0x000002c1b6bc1016

---------------  P R O C E S S  ---------------

Threads class SMR info:
_java_thread_list=0x000002c1cc0aeb80, length=29, elements={
0x000002c1c5759710, 0x000002c1c575a6a0, 0x000002c1c575dd90, 0x000002c1c57602c0,
0x000002c1c575e2e0, 0x000002c1c575f2d0, 0x000002c1c57677c0, 0x000002c1c57bb750,
0x000002c1c5760810, 0x000002c1c575d2f0, 0x000002c1c575f820, 0x000002c1c575e830,
0x000002c1c575d840, 0x000002c1c575fd70, 0x000002c1cce40db0, 0x000002c1cce41300,
0x000002c1cce40310, 0x000002c1cce43d80, 0x000002c1cce41da0, 0x000002c1cce42d90,
0x000002c1cce462b0, 0x000002c1cce452c0, 0x000002c1cce42840, 0x000002c1cce44820,
0x000002c1cce432e0, 0x000002c1cce46d50, 0x000002c1cce44d70, 0x000002c1cce45810,
0x000002c1cce40860
}

Java Threads: ( => current thread )
  0x000002c1c5759710 JavaThread "Reference Handler" daemon [_thread_blocked, id=23956, stack(0x000000d03d200000,0x000000d03d300000)]
  0x000002c1c575a6a0 JavaThread "Finalizer" daemon [_thread_blocked, id=26604, stack(0x000000d03d300000,0x000000d03d400000)]
  0x000002c1c575dd90 JavaThread "Signal Dispatcher" daemon [_thread_blocked, id=25224, stack(0x000000d03d400000,0x000000d03d500000)]
  0x000002c1c57602c0 JavaThread "Attach Listener" daemon [_thread_blocked, id=10244, stack(0x000000d03d500000,0x000000d03d600000)]
  0x000002c1c575e2e0 JavaThread "Service Thread" daemon [_thread_blocked, id=16672, stack(0x000000d03d600000,0x000000d03d700000)]
  0x000002c1c575f2d0 JavaThread "Monitor Deflation Thread" daemon [_thread_blocked, id=25776, stack(0x000000d03d700000,0x000000d03d800000)]
  0x000002c1c57677c0 JavaThread "C2 CompilerThread0" daemon [_thread_blocked, id=8960, stack(0x000000d03d800000,0x000000d03d900000)]
  0x000002c1c57bb750 JavaThread "C1 CompilerThread0" daemon [_thread_blocked, id=12012, stack(0x000000d03d900000,0x000000d03da00000)]
  0x000002c1c5760810 JavaThread "Sweeper thread" daemon [_thread_blocked, id=2092, stack(0x000000d03da00000,0x000000d03db00000)]
  0x000002c1c575d2f0 JavaThread "Common-Cleaner" daemon [_thread_blocked, id=12912, stack(0x000000d03db00000,0x000000d03dc00000)]
  0x000002c1c575f820 JavaThread "Monitor Ctrl-Break" daemon [_thread_in_native, id=16868, stack(0x000000d03dc00000,0x000000d03dd00000)]
  0x000002c1c575e830 JavaThread "Notification Thread" daemon [_thread_blocked, id=19316, stack(0x000000d03dd00000,0x000000d03de00000)]
  0x000002c1c575d840 JavaThread "Catalina-utility-1" [_thread_blocked, id=25804, stack(0x000000d03e300000,0x000000d03e400000)]
  0x000002c1c575fd70 JavaThread "Catalina-utility-2" [_thread_blocked, id=26388, stack(0x000000d03e400000,0x000000d03e500000)]
  0x000002c1cce40db0 JavaThread "container-0" [_thread_blocked, id=11920, stack(0x000000d03e500000,0x000000d03e600000)]
  0x000002c1cce41300 JavaThread "HikariPool-1 housekeeper" daemon [_thread_blocked, id=6648, stack(0x000000d03e700000,0x000000d03e800000)]
  0x000002c1cce40310 JavaThread "http-nio-8084-exec-1" daemon [_thread_blocked, id=23472, stack(0x000000d03e900000,0x000000d03ea00000)]
=>0x000002c1cce43d80 JavaThread "http-nio-8084-exec-2" daemon [_thread_in_vm, id=17920, stack(0x000000d03ea00000,0x000000d03eb00000)]
  0x000002c1cce41da0 JavaThread "http-nio-8084-exec-3" daemon [_thread_blocked, id=26272, stack(0x000000d03eb00000,0x000000d03ec00000)]
  0x000002c1cce42d90 JavaThread "http-nio-8084-exec-4" daemon [_thread_blocked, id=24524, stack(0x000000d03ec00000,0x000000d03ed00000)]
  0x000002c1cce462b0 JavaThread "http-nio-8084-exec-5" daemon [_thread_blocked, id=6384, stack(0x000000d03ed00000,0x000000d03ee00000)]
  0x000002c1cce452c0 JavaThread "http-nio-8084-exec-6" daemon [_thread_blocked, id=20412, stack(0x000000d03ee00000,0x000000d03ef00000)]
  0x000002c1cce42840 JavaThread "http-nio-8084-exec-7" daemon [_thread_blocked, id=26348, stack(0x000000d03ef00000,0x000000d03f000000)]
  0x000002c1cce44820 JavaThread "http-nio-8084-exec-8" daemon [_thread_blocked, id=16896, stack(0x000000d03f000000,0x000000d03f100000)]
  0x000002c1cce432e0 JavaThread "http-nio-8084-exec-9" daemon [_thread_blocked, id=27452, stack(0x000000d03f100000,0x000000d03f200000)]
  0x000002c1cce46d50 JavaThread "http-nio-8084-exec-10" daemon [_thread_blocked, id=25864, stack(0x000000d03f200000,0x000000d03f300000)]
  0x000002c1cce44d70 JavaThread "http-nio-8084-Poller" daemon [_thread_blocked, id=13244, stack(0x000000d03f300000,0x000000d03f400000)]
  0x000002c1cce45810 JavaThread "http-nio-8084-Acceptor" daemon [_thread_in_native, id=16632, stack(0x000000d03f400000,0x000000d03f500000)]
  0x000002c1cce40860 JavaThread "DestroyJavaVM" [_thread_blocked, id=25172, stack(0x000000d03cb00000,0x000000d03cc00000)]

Other Threads:
  0x000002c1c573ebf0 VMThread "VM Thread" [stack: 0x000000d03d100000,0x000000d03d200000] [id=23156]
  0x000002c1c9c07bf0 WatcherThread "VM Periodic Task Thread" [stack: 0x000000d03de00000,0x000000d03df00000] [id=6392]
  0x000002c1a7795b30 WorkerThread "GC Thread#0" [stack: 0x000000d03cc00000,0x000000d03cd00000] [id=18660]
  0x000002c1ca66e090 WorkerThread "GC Thread#1" [stack: 0x000000d03e000000,0x000000d03e100000] [id=10840]
  0x000002c1ca30fbe0 WorkerThread "GC Thread#2" [stack: 0x000000d03e100000,0x000000d03e200000] [id=3364]
  0x000002c1ca3712a0 WorkerThread "GC Thread#3" [stack: 0x000000d03e200000,0x000000d03e300000] [id=5884]
  0x000002c1a567c1f0 ConcurrentGCThread "G1 Main Marker" [stack: 0x000000d03cd00000,0x000000d03ce00000] [id=3120]
  0x000002c1a567dea0 WorkerThread "G1 Conc#0" [stack: 0x000000d03ce00000,0x000000d03cf00000] [id=7896]
  0x000002c1a77eeae0 ConcurrentGCThread "G1 Refine#0" [stack: 0x000000d03cf00000,0x000000d03d000000] [id=5116]
  0x000002c1c55f7b40 ConcurrentGCThread "G1 Service" [stack: 0x000000d03d000000,0x000000d03d100000] [id=3064]

Threads with active compile tasks:

VM state: not at safepoint (normal execution)

VM Mutex/Monitor currently owned by a thread:  ([mutex/lock_event])
[0x000002c1a7734430] Heap_lock - owner thread: 0x000002c1cce43d80

Heap address: 0x0000000080000000, size: 2048 MB, Compressed Oops mode: 32-bit

CDS archive(s) mapped at: [0x0000000800000000-0x0000000800c40000-0x0000000800c40000), size 12845056, SharedBaseAddress: 0x0000000800000000, ArchiveRelocationMode: 0.
Compressed class space mapped at: 0x0000000801000000-0x0000000841000000, reserved size: 1073741824
Narrow klass base: 0x0000000800000000, Narrow klass shift: 0, Narrow klass range: 0x100000000

GC Precious Log:
 CardTable entry size: 512
 Card Set container configuration: InlinePtr #cards 5 size 8 Array Of Cards #cards 12 size 40 Howl #buckets 4 coarsen threshold 1843 Howl Bitmap #cards 512 size 80 coarsen threshold 460 Card regions per heap region 1 cards per card region 2048
 CPUs: 4 total, 4 available
 Memory: 8191M
 Large Page Support: Disabled
 NUMA Support: Disabled
 Compressed Oops: Enabled (32-bit)
 Heap Region Size: 1M
 Heap Min Capacity: 8M
 Heap Initial Capacity: 128M
 Heap Max Capacity: 2G
 Pre-touch: Disabled
 Parallel Workers: 4
 Concurrent Workers: 1
 Concurrent Refinement Workers: 4
 Periodic GC: Disabled

Heap:
 garbage-first heap   total 273408K, used 61440K [0x0000000080000000, 0x0000000100000000)
  region size 1024K, 3 young (3072K), 3 survivors (3072K)
 Metaspace       used 60129K, committed 60928K, reserved 1114112K
  class space    used 7859K, committed 8256K, reserved 1048576K

Heap Regions: E=young(eden), S=young(survivor), O=old, HS=humongous(starts), HC=humongous(continues), CS=collection set, F=free, OA=open archive, CA=closed archive, TAMS=top-at-mark-start (previous, next)
|   0|0x0000000080000000, 0x0000000080100000, 0x0000000080100000|100%|HS|  |TAMS 0x0000000080100000, 0x0000000080100000| Complete 
|   1|0x0000000080100000, 0x0000000080200000, 0x0000000080200000|100%| O|  |TAMS 0x0000000080200000, 0x0000000080200000| Untracked 
|   2|0x0000000080200000, 0x0000000080300000, 0x0000000080300000|100%| O|  |TAMS 0x0000000080300000, 0x0000000080300000| Untracked 
|   3|0x0000000080300000, 0x0000000080400000, 0x0000000080400000|100%| O|  |TAMS 0x0000000080400000, 0x0000000080400000| Untracked 
|   4|0x0000000080400000, 0x0000000080500000, 0x0000000080500000|100%| O|  |TAMS 0x0000000080500000, 0x0000000080500000| Untracked 
|   5|0x0000000080500000, 0x0000000080600000, 0x0000000080600000|100%| O|  |TAMS 0x0000000080600000, 0x0000000080600000| Untracked 
|   6|0x0000000080600000, 0x0000000080700000, 0x0000000080700000|100%| O|  |TAMS 0x0000000080700000, 0x0000000080700000| Untracked 
|   7|0x0000000080700000, 0x0000000080800000, 0x0000000080800000|100%| O|  |TAMS 0x0000000080800000, 0x0000000080800000| Untracked 
|   8|0x0000000080800000, 0x0000000080900000, 0x0000000080900000|100%| O|  |TAMS 0x0000000080900000, 0x0000000080900000| Untracked 
|   9|0x0000000080900000, 0x0000000080a00000, 0x0000000080a00000|100%| O|  |TAMS 0x0000000080a00000, 0x0000000080a00000| Untracked 
|  10|0x0000000080a00000, 0x0000000080b00000, 0x0000000080b00000|100%| O|  |TAMS 0x0000000080b00000, 0x0000000080b00000| Untracked 
|  11|0x0000000080b00000, 0x0000000080c00000, 0x0000000080c00000|100%| O|  |TAMS 0x0000000080c00000, 0x0000000080c00000| Untracked 
|  12|0x0000000080c00000, 0x0000000080d00000, 0x0000000080d00000|100%| O|  |TAMS 0x0000000080d00000, 0x0000000080d00000| Untracked 
|  13|0x0000000080d00000, 0x0000000080e00000, 0x0000000080e00000|100%| O|  |TAMS 0x0000000080e00000, 0x0000000080e00000| Untracked 
|  14|0x0000000080e00000, 0x0000000080f00000, 0x0000000080f00000|100%| O|  |TAMS 0x0000000080f00000, 0x0000000080f00000| Untracked 
|  15|0x0000000080f00000, 0x0000000081000000, 0x0000000081000000|100%| O|  |TAMS 0x0000000081000000, 0x0000000081000000| Untracked 
|  16|0x0000000081000000, 0x0000000081100000, 0x0000000081100000|100%| O|  |TAMS 0x0000000081100000, 0x0000000081100000| Untracked 
|  17|0x0000000081100000, 0x0000000081200000, 0x0000000081200000|100%| O|  |TAMS 0x0000000081200000, 0x0000000081200000| Untracked 
|  18|0x0000000081200000, 0x0000000081300000, 0x0000000081300000|100%| O|  |TAMS 0x0000000081300000, 0x0000000081300000| Untracked 
|  19|0x0000000081300000, 0x0000000081400000, 0x0000000081400000|100%| O|  |TAMS 0x0000000081400000, 0x0000000081400000| Untracked 
|  20|0x0000000081400000, 0x0000000081500000, 0x0000000081500000|100%| O|  |TAMS 0x0000000081500000, 0x0000000081500000| Untracked 
|  21|0x0000000081500000, 0x0000000081600000, 0x0000000081600000|100%| O|  |TAMS 0x0000000081600000, 0x0000000081600000| Untracked 
|  22|0x0000000081600000, 0x0000000081700000, 0x0000000081700000|100%| O|  |TAMS 0x0000000081600000, 0x0000000081600000| Untracked 
|  23|0x0000000081700000, 0x0000000081800000, 0x0000000081800000|100%| O|  |TAMS 0x0000000081700000, 0x0000000081800000| Untracked 
|  24|0x0000000081800000, 0x0000000081800000, 0x0000000081900000|  0%| F|  |TAMS 0x0000000081800000, 0x0000000081800000| Untracked 
|  25|0x0000000081900000, 0x0000000081900000, 0x0000000081a00000|  0%| F|  |TAMS 0x0000000081900000, 0x0000000081900000| Untracked 
|  26|0x0000000081a00000, 0x0000000081b00000, 0x0000000081b00000|100%| O|  |TAMS 0x0000000081b00000, 0x0000000081b00000| Untracked 
|  27|0x0000000081b00000, 0x0000000081c00000, 0x0000000081c00000|100%| O|  |TAMS 0x0000000081c00000, 0x0000000081c00000| Untracked 
|  28|0x0000000081c00000, 0x0000000081d00000, 0x0000000081d00000|100%| O|  |TAMS 0x0000000081d00000, 0x0000000081d00000| Untracked 
|  29|0x0000000081d00000, 0x0000000081e00000, 0x0000000081e00000|100%| O|  |TAMS 0x0000000081e00000, 0x0000000081e00000| Untracked 
|  30|0x0000000081e00000, 0x0000000081f00000, 0x0000000081f00000|100%| O|  |TAMS 0x0000000081f00000, 0x0000000081f00000| Untracked 
|  31|0x0000000081f00000, 0x0000000081f00000, 0x0000000082000000|  0%| F|  |TAMS 0x0000000081f00000, 0x0000000081f00000| Untracked 
|  32|0x0000000082000000, 0x0000000082100000, 0x0000000082100000|100%| O|  |TAMS 0x0000000082100000, 0x0000000082100000| Untracked 
|  33|0x0000000082100000, 0x0000000082200000, 0x0000000082200000|100%| O|  |TAMS 0x0000000082200000, 0x0000000082200000| Untracked 
|  34|0x0000000082200000, 0x0000000082300000, 0x0000000082300000|100%| O|  |TAMS 0x0000000082300000, 0x0000000082300000| Untracked 
|  35|0x0000000082300000, 0x0000000082400000, 0x0000000082400000|100%| O|  |TAMS 0x0000000082400000, 0x0000000082400000| Untracked 
|  36|0x0000000082400000, 0x0000000082500000, 0x0000000082500000|100%| O|  |TAMS 0x0000000082500000, 0x0000000082500000| Untracked 
|  37|0x0000000082500000, 0x0000000082600000, 0x0000000082600000|100%| O|  |TAMS 0x0000000082600000, 0x0000000082600000| Untracked 
|  38|0x0000000082600000, 0x0000000082700000, 0x0000000082700000|100%| O|  |TAMS 0x0000000082700000, 0x0000000082700000| Untracked 
|  39|0x0000000082700000, 0x0000000082700000, 0x0000000082800000|  0%| F|  |TAMS 0x0000000082700000, 0x0000000082700000| Untracked 
|  40|0x0000000082800000, 0x0000000082900000, 0x0000000082900000|100%| O|  |TAMS 0x0000000082900000, 0x0000000082900000| Untracked 
|  41|0x0000000082900000, 0x0000000082a00000, 0x0000000082a00000|100%| O|  |TAMS 0x0000000082a00000, 0x0000000082a00000| Untracked 
|  42|0x0000000082a00000, 0x0000000082b00000, 0x0000000082b00000|100%| O|  |TAMS 0x0000000082b00000, 0x0000000082b00000| Untracked 
|  43|0x0000000082b00000, 0x0000000082b00000, 0x0000000082c00000|  0%| F|  |TAMS 0x0000000082b00000, 0x0000000082b00000| Untracked 
|  44|0x0000000082c00000, 0x0000000082d00000, 0x0000000082d00000|100%| O|  |TAMS 0x0000000082c00000, 0x0000000082d00000| Untracked 
|  45|0x0000000082d00000, 0x0000000082e00000, 0x0000000082e00000|100%| O|  |TAMS 0x0000000082d00000, 0x0000000082e00000| Untracked 
|  46|0x0000000082e00000, 0x0000000082f00000, 0x0000000082f00000|100%| O|  |TAMS 0x0000000082e00000, 0x0000000082f00000| Untracked 
|  47|0x0000000082f00000, 0x0000000083000000, 0x0000000083000000|100%| O|  |TAMS 0x0000000082f00000, 0x0000000083000000| Untracked 
|  48|0x0000000083000000, 0x0000000083100000, 0x0000000083100000|100%| O|  |TAMS 0x0000000083000000, 0x0000000083100000| Untracked 
|  49|0x0000000083100000, 0x0000000083200000, 0x0000000083200000|100%| O|  |TAMS 0x0000000083100000, 0x0000000083200000| Untracked 
|  50|0x0000000083200000, 0x0000000083300000, 0x0000000083300000|100%| O|  |TAMS 0x0000000083200000, 0x0000000083300000| Untracked 
|  51|0x0000000083300000, 0x0000000083400000, 0x0000000083400000|100%| O|  |TAMS 0x0000000083300000, 0x0000000083400000| Untracked 
|  52|0x0000000083400000, 0x0000000083500000, 0x0000000083500000|100%| O|  |TAMS 0x0000000083400000, 0x0000000083500000| Untracked 
|  53|0x0000000083500000, 0x0000000083600000, 0x0000000083600000|100%| O|  |TAMS 0x0000000083500000, 0x0000000083600000| Untracked 
|  54|0x0000000083600000, 0x0000000083700000, 0x0000000083700000|100%| O|  |TAMS 0x0000000083600000, 0x0000000083700000| Untracked 
|  55|0x0000000083700000, 0x0000000083800000, 0x0000000083800000|100%| O|  |TAMS 0x0000000083700000, 0x0000000083800000| Untracked 
|  56|0x0000000083800000, 0x0000000083900000, 0x0000000083900000|100%| O|  |TAMS 0x0000000083800000, 0x0000000083900000| Untracked 
|  57|0x0000000083900000, 0x0000000083a00000, 0x0000000083a00000|100%| O|  |TAMS 0x0000000083900000, 0x0000000083a00000| Untracked 
|  58|0x0000000083a00000, 0x0000000083b00000, 0x0000000083b00000|100%| O|  |TAMS 0x0000000083a00000, 0x0000000083b00000| Untracked 
|  59|0x0000000083b00000, 0x0000000083c00000, 0x0000000083c00000|100%| O|  |TAMS 0x0000000083b00000, 0x0000000083c00000| Untracked 
|  60|0x0000000083c00000, 0x0000000083d00000, 0x0000000083d00000|100%| O|  |TAMS 0x0000000083c00000, 0x0000000083d00000| Untracked 
|  61|0x0000000083d00000, 0x0000000083e00000, 0x0000000083e00000|100%| O|  |TAMS 0x0000000083d00000, 0x0000000083d7d600| Untracked 
|  62|0x0000000083e00000, 0x0000000083e00000, 0x0000000083f00000|  0%| F|  |TAMS 0x0000000083e00000, 0x0000000083e00000| Untracked 
|  63|0x0000000083f00000, 0x0000000083f00000, 0x0000000084000000|  0%| F|  |TAMS 0x0000000083f00000, 0x0000000083f00000| Untracked 
|  64|0x0000000084000000, 0x0000000084000000, 0x0000000084100000|  0%| F|  |TAMS 0x0000000084000000, 0x0000000084000000| Untracked 
|  65|0x0000000084100000, 0x0000000084100000, 0x0000000084200000|  0%| F|  |TAMS 0x0000000084100000, 0x0000000084100000| Untracked 
|  66|0x0000000084200000, 0x0000000084200000, 0x0000000084300000|  0%| F|  |TAMS 0x0000000084200000, 0x0000000084200000| Untracked 
|  67|0x0000000084300000, 0x0000000084300000, 0x0000000084400000|  0%| F|  |TAMS 0x0000000084300000, 0x0000000084300000| Untracked 
|  68|0x0000000084400000, 0x0000000084400000, 0x0000000084500000|  0%| F|  |TAMS 0x0000000084400000, 0x0000000084400000| Untracked 
|  69|0x0000000084500000, 0x0000000084500000, 0x0000000084600000|  0%| F|  |TAMS 0x0000000084500000, 0x0000000084500000| Untracked 
|  70|0x0000000084600000, 0x0000000084600000, 0x0000000084700000|  0%| F|  |TAMS 0x0000000084600000, 0x0000000084600000| Untracked 
|  71|0x0000000084700000, 0x0000000084700000, 0x0000000084800000|  0%| F|  |TAMS 0x0000000084700000, 0x0000000084700000| Untracked 
|  72|0x0000000084800000, 0x0000000084800000, 0x0000000084900000|  0%| F|  |TAMS 0x0000000084800000, 0x0000000084800000| Untracked 
|  73|0x0000000084900000, 0x0000000084900000, 0x0000000084a00000|  0%| F|  |TAMS 0x0000000084900000, 0x0000000084900000| Untracked 
|  74|0x0000000084a00000, 0x0000000084a00000, 0x0000000084b00000|  0%| F|  |TAMS 0x0000000084a00000, 0x0000000084a00000| Untracked 
|  75|0x0000000084b00000, 0x0000000084b00000, 0x0000000084c00000|  0%| F|  |TAMS 0x0000000084b00000, 0x0000000084b00000| Untracked 
|  76|0x0000000084c00000, 0x0000000084c00000, 0x0000000084d00000|  0%| F|  |TAMS 0x0000000084c00000, 0x0000000084c00000| Untracked 
|  77|0x0000000084d00000, 0x0000000084d00000, 0x0000000084e00000|  0%| F|  |TAMS 0x0000000084d00000, 0x0000000084d00000| Untracked 
|  78|0x0000000084e00000, 0x0000000084e00000, 0x0000000084f00000|  0%| F|  |TAMS 0x0000000084e00000, 0x0000000084e00000| Untracked 
|  79|0x0000000084f00000, 0x0000000084f00000, 0x0000000085000000|  0%| F|  |TAMS 0x0000000084f00000, 0x0000000084f00000| Untracked 
|  80|0x0000000085000000, 0x0000000085000000, 0x0000000085100000|  0%| F|  |TAMS 0x0000000085000000, 0x0000000085000000| Untracked 
|  81|0x0000000085100000, 0x0000000085100000, 0x0000000085200000|  0%| F|  |TAMS 0x0000000085100000, 0x0000000085100000| Untracked 
|  82|0x0000000085200000, 0x0000000085200000, 0x0000000085300000|  0%| F|  |TAMS 0x0000000085200000, 0x0000000085200000| Untracked 
|  83|0x0000000085300000, 0x0000000085400000, 0x0000000085400000|100%| S|CS|TAMS 0x0000000085300000, 0x0000000085300000| Complete 
|  84|0x0000000085400000, 0x0000000085500000, 0x0000000085500000|100%| S|CS|TAMS 0x0000000085400000, 0x0000000085400000| Complete 
|  85|0x0000000085500000, 0x0000000085600000, 0x0000000085600000|100%| S|CS|TAMS 0x0000000085500000, 0x0000000085500000| Complete 
|  86|0x0000000085600000, 0x0000000085600000, 0x0000000085700000|  0%| F|  |TAMS 0x0000000085600000, 0x0000000085600000| Untracked 
|  87|0x0000000085700000, 0x0000000085700000, 0x0000000085800000|  0%| F|  |TAMS 0x0000000085700000, 0x0000000085700000| Untracked 
|  88|0x0000000085800000, 0x0000000085800000, 0x0000000085900000|  0%| F|  |TAMS 0x0000000085800000, 0x0000000085800000| Untracked 
|  89|0x0000000085900000, 0x0000000085900000, 0x0000000085a00000|  0%| F|  |TAMS 0x0000000085900000, 0x0000000085900000| Untracked 
|  90|0x0000000085a00000, 0x0000000085a00000, 0x0000000085b00000|  0%| F|  |TAMS 0x0000000085a00000, 0x0000000085a00000| Untracked 
|  91|0x0000000085b00000, 0x0000000085b00000, 0x0000000085c00000|  0%| F|  |TAMS 0x0000000085b00000, 0x0000000085b00000| Untracked 
|  92|0x0000000085c00000, 0x0000000085c00000, 0x0000000085d00000|  0%| F|  |TAMS 0x0000000085c00000, 0x0000000085c00000| Untracked 
|  93|0x0000000085d00000, 0x0000000085d00000, 0x0000000085e00000|  0%| F|  |TAMS 0x0000000085d00000, 0x0000000085d00000| Untracked 
|  94|0x0000000085e00000, 0x0000000085e00000, 0x0000000085f00000|  0%| F|  |TAMS 0x0000000085e00000, 0x0000000085e00000| Untracked 
|  95|0x0000000085f00000, 0x0000000085f00000, 0x0000000086000000|  0%| F|  |TAMS 0x0000000085f00000, 0x0000000085f00000| Untracked 
|  96|0x0000000086000000, 0x0000000086000000, 0x0000000086100000|  0%| F|  |TAMS 0x0000000086000000, 0x0000000086000000| Untracked 
|  97|0x0000000086100000, 0x0000000086100000, 0x0000000086200000|  0%| F|  |TAMS 0x0000000086100000, 0x0000000086100000| Untracked 
|  98|0x0000000086200000, 0x0000000086200000, 0x0000000086300000|  0%| F|  |TAMS 0x0000000086200000, 0x0000000086200000| Untracked 
|  99|0x0000000086300000, 0x0000000086300000, 0x0000000086400000|  0%| F|  |TAMS 0x0000000086300000, 0x0000000086300000| Untracked 
| 100|0x0000000086400000, 0x0000000086400000, 0x0000000086500000|  0%| F|  |TAMS 0x0000000086400000, 0x0000000086400000| Untracked 
| 101|0x0000000086500000, 0x0000000086500000, 0x0000000086600000|  0%| F|  |TAMS 0x0000000086500000, 0x0000000086500000| Untracked 
| 102|0x0000000086600000, 0x0000000086600000, 0x0000000086700000|  0%| F|  |TAMS 0x0000000086600000, 0x0000000086600000| Untracked 
| 103|0x0000000086700000, 0x0000000086700000, 0x0000000086800000|  0%| F|  |TAMS 0x0000000086700000, 0x0000000086700000| Untracked 
| 104|0x0000000086800000, 0x0000000086800000, 0x0000000086900000|  0%| F|  |TAMS 0x0000000086800000, 0x0000000086800000| Untracked 
| 105|0x0000000086900000, 0x0000000086900000, 0x0000000086a00000|  0%| F|  |TAMS 0x0000000086900000, 0x0000000086900000| Untracked 
| 106|0x0000000086a00000, 0x0000000086a00000, 0x0000000086b00000|  0%| F|  |TAMS 0x0000000086a00000, 0x0000000086a00000| Untracked 
| 107|0x0000000086b00000, 0x0000000086b00000, 0x0000000086c00000|  0%| F|  |TAMS 0x0000000086b00000, 0x0000000086b00000| Untracked 
| 108|0x0000000086c00000, 0x0000000086c00000, 0x0000000086d00000|  0%| F|  |TAMS 0x0000000086c00000, 0x0000000086c00000| Untracked 
| 109|0x0000000086d00000, 0x0000000086d00000, 0x0000000086e00000|  0%| F|  |TAMS 0x0000000086d00000, 0x0000000086d00000| Untracked 
| 110|0x0000000086e00000, 0x0000000086e00000, 0x0000000086f00000|  0%| F|  |TAMS 0x0000000086e00000, 0x0000000086e00000| Untracked 
| 111|0x0000000086f00000, 0x0000000086f00000, 0x0000000087000000|  0%| F|  |TAMS 0x0000000086f00000, 0x0000000086f00000| Untracked 
| 112|0x0000000087000000, 0x0000000087000000, 0x0000000087100000|  0%| F|  |TAMS 0x0000000087000000, 0x0000000087000000| Untracked 
| 113|0x0000000087100000, 0x0000000087100000, 0x0000000087200000|  0%| F|  |TAMS 0x0000000087100000, 0x0000000087100000| Untracked 
| 114|0x0000000087200000, 0x0000000087200000, 0x0000000087300000|  0%| F|  |TAMS 0x0000000087200000, 0x0000000087200000| Untracked 
| 115|0x0000000087300000, 0x0000000087300000, 0x0000000087400000|  0%| F|  |TAMS 0x0000000087300000, 0x0000000087300000| Untracked 
| 116|0x0000000087400000, 0x0000000087400000, 0x0000000087500000|  0%| F|  |TAMS 0x0000000087400000, 0x0000000087400000| Untracked 
| 117|0x0000000087500000, 0x0000000087500000, 0x0000000087600000|  0%| F|  |TAMS 0x0000000087500000, 0x0000000087500000| Untracked 
| 118|0x0000000087600000, 0x0000000087600000, 0x0000000087700000|  0%| F|  |TAMS 0x0000000087600000, 0x0000000087600000| Untracked 
| 119|0x0000000087700000, 0x0000000087700000, 0x0000000087800000|  0%| F|  |TAMS 0x0000000087700000, 0x0000000087700000| Untracked 
| 120|0x0000000087800000, 0x0000000087800000, 0x0000000087900000|  0%| F|  |TAMS 0x0000000087800000, 0x0000000087800000| Untracked 
| 121|0x0000000087900000, 0x0000000087900000, 0x0000000087a00000|  0%| F|  |TAMS 0x0000000087900000, 0x0000000087900000| Untracked 
| 122|0x0000000087a00000, 0x0000000087a00000, 0x0000000087b00000|  0%| F|  |TAMS 0x0000000087a00000, 0x0000000087a00000| Untracked 
| 123|0x0000000087b00000, 0x0000000087b00000, 0x0000000087c00000|  0%| F|  |TAMS 0x0000000087b00000, 0x0000000087b00000| Untracked 
| 124|0x0000000087c00000, 0x0000000087c00000, 0x0000000087d00000|  0%| F|  |TAMS 0x0000000087c00000, 0x0000000087c00000| Untracked 
| 125|0x0000000087d00000, 0x0000000087d00000, 0x0000000087e00000|  0%| F|  |TAMS 0x0000000087d00000, 0x0000000087d00000| Untracked 
| 126|0x0000000087e00000, 0x0000000087e00000, 0x0000000087f00000|  0%| F|  |TAMS 0x0000000087e00000, 0x0000000087e00000| Untracked 
| 127|0x0000000087f00000, 0x0000000087f00000, 0x0000000088000000|  0%| F|  |TAMS 0x0000000087f00000, 0x0000000087f00000| Untracked 
| 128|0x0000000088000000, 0x0000000088000000, 0x0000000088100000|  0%| F|  |TAMS 0x0000000088000000, 0x0000000088000000| Untracked 
| 129|0x0000000088100000, 0x0000000088100000, 0x0000000088200000|  0%| F|  |TAMS 0x0000000088100000, 0x0000000088100000| Untracked 
| 130|0x0000000088200000, 0x0000000088200000, 0x0000000088300000|  0%| F|  |TAMS 0x0000000088200000, 0x0000000088200000| Untracked 
| 131|0x0000000088300000, 0x0000000088300000, 0x0000000088400000|  0%| F|  |TAMS 0x0000000088300000, 0x0000000088300000| Untracked 
| 132|0x0000000088400000, 0x0000000088400000, 0x0000000088500000|  0%| F|  |TAMS 0x0000000088400000, 0x0000000088400000| Untracked 
| 133|0x0000000088500000, 0x0000000088500000, 0x0000000088600000|  0%| F|  |TAMS 0x0000000088500000, 0x0000000088500000| Untracked 
| 134|0x0000000088600000, 0x0000000088600000, 0x0000000088700000|  0%| F|  |TAMS 0x0000000088600000, 0x0000000088600000| Untracked 
| 135|0x0000000088700000, 0x0000000088700000, 0x0000000088800000|  0%| F|  |TAMS 0x0000000088700000, 0x0000000088700000| Untracked 
| 136|0x0000000088800000, 0x0000000088800000, 0x0000000088900000|  0%| F|  |TAMS 0x0000000088800000, 0x0000000088800000| Untracked 
| 137|0x0000000088900000, 0x0000000088900000, 0x0000000088a00000|  0%| F|  |TAMS 0x0000000088900000, 0x0000000088900000| Untracked 
| 138|0x0000000088a00000, 0x0000000088a00000, 0x0000000088b00000|  0%| F|  |TAMS 0x0000000088a00000, 0x0000000088a00000| Untracked 
| 139|0x0000000088b00000, 0x0000000088b00000, 0x0000000088c00000|  0%| F|  |TAMS 0x0000000088b00000, 0x0000000088b00000| Untracked 
| 140|0x0000000088c00000, 0x0000000088c00000, 0x0000000088d00000|  0%| F|  |TAMS 0x0000000088c00000, 0x0000000088c00000| Untracked 
| 141|0x0000000088d00000, 0x0000000088d00000, 0x0000000088e00000|  0%| F|  |TAMS 0x0000000088d00000, 0x0000000088d00000| Untracked 
| 142|0x0000000088e00000, 0x0000000088e00000, 0x0000000088f00000|  0%| F|  |TAMS 0x0000000088e00000, 0x0000000088e00000| Untracked 
| 143|0x0000000088f00000, 0x0000000088f00000, 0x0000000089000000|  0%| F|  |TAMS 0x0000000088f00000, 0x0000000088f00000| Untracked 
| 144|0x0000000089000000, 0x0000000089000000, 0x0000000089100000|  0%| F|  |TAMS 0x0000000089000000, 0x0000000089000000| Untracked 
| 145|0x0000000089100000, 0x0000000089100000, 0x0000000089200000|  0%| F|  |TAMS 0x0000000089100000, 0x0000000089100000| Untracked 
| 146|0x0000000089200000, 0x0000000089200000, 0x0000000089300000|  0%| F|  |TAMS 0x0000000089200000, 0x0000000089200000| Untracked 
| 147|0x0000000089300000, 0x0000000089300000, 0x0000000089400000|  0%| F|  |TAMS 0x0000000089300000, 0x0000000089300000| Untracked 
| 148|0x0000000089400000, 0x0000000089400000, 0x0000000089500000|  0%| F|  |TAMS 0x0000000089400000, 0x0000000089400000| Untracked 
| 149|0x0000000089500000, 0x0000000089500000, 0x0000000089600000|  0%| F|  |TAMS 0x0000000089500000, 0x0000000089500000| Untracked 
| 150|0x0000000089600000, 0x0000000089600000, 0x0000000089700000|  0%| F|  |TAMS 0x0000000089600000, 0x0000000089600000| Untracked 
| 151|0x0000000089700000, 0x0000000089700000, 0x0000000089800000|  0%| F|  |TAMS 0x0000000089700000, 0x0000000089700000| Untracked 
| 152|0x0000000089800000, 0x0000000089800000, 0x0000000089900000|  0%| F|  |TAMS 0x0000000089800000, 0x0000000089800000| Untracked 
| 153|0x0000000089900000, 0x0000000089900000, 0x0000000089a00000|  0%| F|  |TAMS 0x0000000089900000, 0x0000000089900000| Untracked 
| 154|0x0000000089a00000, 0x0000000089a00000, 0x0000000089b00000|  0%| F|  |TAMS 0x0000000089a00000, 0x0000000089a00000| Untracked 
| 155|0x0000000089b00000, 0x0000000089b00000, 0x0000000089c00000|  0%| F|  |TAMS 0x0000000089b00000, 0x0000000089b00000| Untracked 
| 156|0x0000000089c00000, 0x0000000089c00000, 0x0000000089d00000|  0%| F|  |TAMS 0x0000000089c00000, 0x0000000089c00000| Untracked 
| 157|0x0000000089d00000, 0x0000000089d00000, 0x0000000089e00000|  0%| F|  |TAMS 0x0000000089d00000, 0x0000000089d00000| Untracked 
| 158|0x0000000089e00000, 0x0000000089e00000, 0x0000000089f00000|  0%| F|  |TAMS 0x0000000089e00000, 0x0000000089e00000| Untracked 
| 159|0x0000000089f00000, 0x0000000089f00000, 0x000000008a000000|  0%| F|  |TAMS 0x0000000089f00000, 0x0000000089f00000| Untracked 
| 160|0x000000008a000000, 0x000000008a000000, 0x000000008a100000|  0%| F|  |TAMS 0x000000008a000000, 0x000000008a000000| Untracked 
| 161|0x000000008a100000, 0x000000008a100000, 0x000000008a200000|  0%| F|  |TAMS 0x000000008a100000, 0x000000008a100000| Untracked 
| 162|0x000000008a200000, 0x000000008a200000, 0x000000008a300000|  0%| F|  |TAMS 0x000000008a200000, 0x000000008a200000| Untracked 
| 163|0x000000008a300000, 0x000000008a300000, 0x000000008a400000|  0%| F|  |TAMS 0x000000008a300000, 0x000000008a300000| Untracked 
| 164|0x000000008a400000, 0x000000008a400000, 0x000000008a500000|  0%| F|  |TAMS 0x000000008a400000, 0x000000008a400000| Untracked 
| 165|0x000000008a500000, 0x000000008a500000, 0x000000008a600000|  0%| F|  |TAMS 0x000000008a500000, 0x000000008a500000| Untracked 
| 166|0x000000008a600000, 0x000000008a600000, 0x000000008a700000|  0%| F|  |TAMS 0x000000008a600000, 0x000000008a600000| Untracked 
| 167|0x000000008a700000, 0x000000008a700000, 0x000000008a800000|  0%| F|  |TAMS 0x000000008a700000, 0x000000008a700000| Untracked 
| 168|0x000000008a800000, 0x000000008a800000, 0x000000008a900000|  0%| F|  |TAMS 0x000000008a800000, 0x000000008a800000| Untracked 
| 169|0x000000008a900000, 0x000000008a900000, 0x000000008aa00000|  0%| F|  |TAMS 0x000000008a900000, 0x000000008a900000| Untracked 
| 170|0x000000008aa00000, 0x000000008aa00000, 0x000000008ab00000|  0%| F|  |TAMS 0x000000008aa00000, 0x000000008aa00000| Untracked 
| 171|0x000000008ab00000, 0x000000008ab00000, 0x000000008ac00000|  0%| F|  |TAMS 0x000000008ab00000, 0x000000008ab00000| Untracked 
| 172|0x000000008ac00000, 0x000000008ac00000, 0x000000008ad00000|  0%| F|  |TAMS 0x000000008ac00000, 0x000000008ac00000| Untracked 
| 173|0x000000008ad00000, 0x000000008ad00000, 0x000000008ae00000|  0%| F|  |TAMS 0x000000008ad00000, 0x000000008ad00000| Untracked 
| 174|0x000000008ae00000, 0x000000008ae00000, 0x000000008af00000|  0%| F|  |TAMS 0x000000008ae00000, 0x000000008ae00000| Untracked 
| 175|0x000000008af00000, 0x000000008af00000, 0x000000008b000000|  0%| F|  |TAMS 0x000000008af00000, 0x000000008af00000| Untracked 
| 176|0x000000008b000000, 0x000000008b000000, 0x000000008b100000|  0%| F|  |TAMS 0x000000008b000000, 0x000000008b000000| Untracked 
| 177|0x000000008b100000, 0x000000008b100000, 0x000000008b200000|  0%| F|  |TAMS 0x000000008b100000, 0x000000008b100000| Untracked 
| 178|0x000000008b200000, 0x000000008b200000, 0x000000008b300000|  0%| F|  |TAMS 0x000000008b200000, 0x000000008b200000| Untracked 
| 179|0x000000008b300000, 0x000000008b300000, 0x000000008b400000|  0%| F|  |TAMS 0x000000008b300000, 0x000000008b300000| Untracked 
| 180|0x000000008b400000, 0x000000008b400000, 0x000000008b500000|  0%| F|  |TAMS 0x000000008b400000, 0x000000008b400000| Untracked 
| 181|0x000000008b500000, 0x000000008b500000, 0x000000008b600000|  0%| F|  |TAMS 0x000000008b500000, 0x000000008b500000| Untracked 
| 182|0x000000008b600000, 0x000000008b600000, 0x000000008b700000|  0%| F|  |TAMS 0x000000008b600000, 0x000000008b600000| Untracked 
| 183|0x000000008b700000, 0x000000008b700000, 0x000000008b800000|  0%| F|  |TAMS 0x000000008b700000, 0x000000008b700000| Untracked 
| 184|0x000000008b800000, 0x000000008b800000, 0x000000008b900000|  0%| F|  |TAMS 0x000000008b800000, 0x000000008b800000| Untracked 
| 185|0x000000008b900000, 0x000000008b900000, 0x000000008ba00000|  0%| F|  |TAMS 0x000000008b900000, 0x000000008b900000| Untracked 
| 186|0x000000008ba00000, 0x000000008ba00000, 0x000000008bb00000|  0%| F|  |TAMS 0x000000008ba00000, 0x000000008ba00000| Untracked 
| 187|0x000000008bb00000, 0x000000008bb00000, 0x000000008bc00000|  0%| F|  |TAMS 0x000000008bb00000, 0x000000008bb00000| Untracked 
| 188|0x000000008bc00000, 0x000000008bc00000, 0x000000008bd00000|  0%| F|  |TAMS 0x000000008bc00000, 0x000000008bc00000| Untracked 
| 189|0x000000008bd00000, 0x000000008bd00000, 0x000000008be00000|  0%| F|  |TAMS 0x000000008bd00000, 0x000000008bd00000| Untracked 
| 190|0x000000008be00000, 0x000000008be00000, 0x000000008bf00000|  0%| F|  |TAMS 0x000000008be00000, 0x000000008be00000| Untracked 
| 191|0x000000008bf00000, 0x000000008bf00000, 0x000000008c000000|  0%| F|  |TAMS 0x000000008bf00000, 0x000000008bf00000| Untracked 
| 192|0x000000008c000000, 0x000000008c000000, 0x000000008c100000|  0%| F|  |TAMS 0x000000008c000000, 0x000000008c000000| Untracked 
| 193|0x000000008c100000, 0x000000008c100000, 0x000000008c200000|  0%| F|  |TAMS 0x000000008c100000, 0x000000008c100000| Untracked 
| 194|0x000000008c200000, 0x000000008c200000, 0x000000008c300000|  0%| F|  |TAMS 0x000000008c200000, 0x000000008c200000| Untracked 
| 195|0x000000008c300000, 0x000000008c300000, 0x000000008c400000|  0%| F|  |TAMS 0x000000008c300000, 0x000000008c300000| Untracked 
| 196|0x000000008c400000, 0x000000008c400000, 0x000000008c500000|  0%| F|  |TAMS 0x000000008c400000, 0x000000008c400000| Untracked 
| 197|0x000000008c500000, 0x000000008c500000, 0x000000008c600000|  0%| F|  |TAMS 0x000000008c500000, 0x000000008c500000| Untracked 
| 198|0x000000008c600000, 0x000000008c600000, 0x000000008c700000|  0%| F|  |TAMS 0x000000008c600000, 0x000000008c600000| Untracked 
| 199|0x000000008c700000, 0x000000008c700000, 0x000000008c800000|  0%| F|  |TAMS 0x000000008c700000, 0x000000008c700000| Untracked 
| 200|0x000000008c800000, 0x000000008c800000, 0x000000008c900000|  0%| F|  |TAMS 0x000000008c800000, 0x000000008c800000| Untracked 
| 201|0x000000008c900000, 0x000000008c900000, 0x000000008ca00000|  0%| F|  |TAMS 0x000000008c900000, 0x000000008c900000| Untracked 
| 202|0x000000008ca00000, 0x000000008ca00000, 0x000000008cb00000|  0%| F|  |TAMS 0x000000008ca00000, 0x000000008ca00000| Untracked 
| 203|0x000000008cb00000, 0x000000008cb00000, 0x000000008cc00000|  0%| F|  |TAMS 0x000000008cb00000, 0x000000008cb00000| Untracked 
| 204|0x000000008cc00000, 0x000000008cc00000, 0x000000008cd00000|  0%| F|  |TAMS 0x000000008cc00000, 0x000000008cc00000| Untracked 
| 205|0x000000008cd00000, 0x000000008cd00000, 0x000000008ce00000|  0%| F|  |TAMS 0x000000008cd00000, 0x000000008cd00000| Untracked 
| 206|0x000000008ce00000, 0x000000008ce00000, 0x000000008cf00000|  0%| F|  |TAMS 0x000000008ce00000, 0x000000008ce00000| Untracked 
| 207|0x000000008cf00000, 0x000000008cf00000, 0x000000008d000000|  0%| F|  |TAMS 0x000000008cf00000, 0x000000008cf00000| Untracked 
| 208|0x000000008d000000, 0x000000008d000000, 0x000000008d100000|  0%| F|  |TAMS 0x000000008d000000, 0x000000008d000000| Untracked 
| 209|0x000000008d100000, 0x000000008d100000, 0x000000008d200000|  0%| F|  |TAMS 0x000000008d100000, 0x000000008d100000| Untracked 
| 210|0x000000008d200000, 0x000000008d200000, 0x000000008d300000|  0%| F|  |TAMS 0x000000008d200000, 0x000000008d200000| Untracked 
| 211|0x000000008d300000, 0x000000008d300000, 0x000000008d400000|  0%| F|  |TAMS 0x000000008d300000, 0x000000008d300000| Untracked 
| 212|0x000000008d400000, 0x000000008d400000, 0x000000008d500000|  0%| F|  |TAMS 0x000000008d400000, 0x000000008d400000| Untracked 
| 213|0x000000008d500000, 0x000000008d500000, 0x000000008d600000|  0%| F|  |TAMS 0x000000008d500000, 0x000000008d500000| Untracked 
| 214|0x000000008d600000, 0x000000008d600000, 0x000000008d700000|  0%| F|  |TAMS 0x000000008d600000, 0x000000008d600000| Untracked 
| 215|0x000000008d700000, 0x000000008d700000, 0x000000008d800000|  0%| F|  |TAMS 0x000000008d700000, 0x000000008d700000| Untracked 
| 216|0x000000008d800000, 0x000000008d800000, 0x000000008d900000|  0%| F|  |TAMS 0x000000008d800000, 0x000000008d800000| Untracked 
| 217|0x000000008d900000, 0x000000008d900000, 0x000000008da00000|  0%| F|  |TAMS 0x000000008d900000, 0x000000008d900000| Untracked 
| 218|0x000000008da00000, 0x000000008da00000, 0x000000008db00000|  0%| F|  |TAMS 0x000000008da00000, 0x000000008da00000| Untracked 
| 219|0x000000008db00000, 0x000000008db00000, 0x000000008dc00000|  0%| F|  |TAMS 0x000000008db00000, 0x000000008db00000| Untracked 
| 220|0x000000008dc00000, 0x000000008dc00000, 0x000000008dd00000|  0%| F|  |TAMS 0x000000008dc00000, 0x000000008dc00000| Untracked 
| 221|0x000000008dd00000, 0x000000008dd00000, 0x000000008de00000|  0%| F|  |TAMS 0x000000008dd00000, 0x000000008dd00000| Untracked 
| 222|0x000000008de00000, 0x000000008de00000, 0x000000008df00000|  0%| F|  |TAMS 0x000000008de00000, 0x000000008de00000| Untracked 
| 223|0x000000008df00000, 0x000000008df00000, 0x000000008e000000|  0%| F|  |TAMS 0x000000008df00000, 0x000000008df00000| Untracked 
| 224|0x000000008e000000, 0x000000008e000000, 0x000000008e100000|  0%| F|  |TAMS 0x000000008e000000, 0x000000008e000000| Untracked 
| 225|0x000000008e100000, 0x000000008e100000, 0x000000008e200000|  0%| F|  |TAMS 0x000000008e100000, 0x000000008e100000| Untracked 
| 226|0x000000008e200000, 0x000000008e200000, 0x000000008e300000|  0%| F|  |TAMS 0x000000008e200000, 0x000000008e200000| Untracked 
| 227|0x000000008e300000, 0x000000008e300000, 0x000000008e400000|  0%| F|  |TAMS 0x000000008e300000, 0x000000008e300000| Untracked 
| 228|0x000000008e400000, 0x000000008e400000, 0x000000008e500000|  0%| F|  |TAMS 0x000000008e400000, 0x000000008e400000| Untracked 
| 229|0x000000008e500000, 0x000000008e500000, 0x000000008e600000|  0%| F|  |TAMS 0x000000008e500000, 0x000000008e500000| Untracked 
| 230|0x000000008e600000, 0x000000008e600000, 0x000000008e700000|  0%| F|  |TAMS 0x000000008e600000, 0x000000008e600000| Untracked 
| 231|0x000000008e700000, 0x000000008e700000, 0x000000008e800000|  0%| F|  |TAMS 0x000000008e700000, 0x000000008e700000| Untracked 
| 232|0x000000008e800000, 0x000000008e800000, 0x000000008e900000|  0%| F|  |TAMS 0x000000008e800000, 0x000000008e800000| Untracked 
| 233|0x000000008e900000, 0x000000008e900000, 0x000000008ea00000|  0%| F|  |TAMS 0x000000008e900000, 0x000000008e900000| Untracked 
| 234|0x000000008ea00000, 0x000000008ea00000, 0x000000008eb00000|  0%| F|  |TAMS 0x000000008ea00000, 0x000000008ea00000| Untracked 
| 235|0x000000008eb00000, 0x000000008eb00000, 0x000000008ec00000|  0%| F|  |TAMS 0x000000008eb00000, 0x000000008eb00000| Untracked 
| 236|0x000000008ec00000, 0x000000008ec00000, 0x000000008ed00000|  0%| F|  |TAMS 0x000000008ec00000, 0x000000008ec00000| Untracked 
| 237|0x000000008ed00000, 0x000000008ed00000, 0x000000008ee00000|  0%| F|  |TAMS 0x000000008ed00000, 0x000000008ed00000| Untracked 
| 238|0x000000008ee00000, 0x000000008ee00000, 0x000000008ef00000|  0%| F|  |TAMS 0x000000008ee00000, 0x000000008ee00000| Untracked 
| 239|0x000000008ef00000, 0x000000008ef00000, 0x000000008f000000|  0%| F|  |TAMS 0x000000008ef00000, 0x000000008ef00000| Untracked 
| 240|0x000000008f000000, 0x000000008f000000, 0x000000008f100000|  0%| F|  |TAMS 0x000000008f000000, 0x000000008f000000| Untracked 
| 241|0x000000008f100000, 0x000000008f100000, 0x000000008f200000|  0%| F|  |TAMS 0x000000008f100000, 0x000000008f100000| Untracked 
| 242|0x000000008f200000, 0x000000008f200000, 0x000000008f300000|  0%| F|  |TAMS 0x000000008f200000, 0x000000008f200000| Untracked 
| 243|0x000000008f300000, 0x000000008f300000, 0x000000008f400000|  0%| F|  |TAMS 0x000000008f300000, 0x000000008f300000| Untracked 
| 244|0x000000008f400000, 0x000000008f400000, 0x000000008f500000|  0%| F|  |TAMS 0x000000008f400000, 0x000000008f400000| Untracked 
| 245|0x000000008f500000, 0x000000008f500000, 0x000000008f600000|  0%| F|  |TAMS 0x000000008f500000, 0x000000008f500000| Untracked 
| 246|0x000000008f600000, 0x000000008f600000, 0x000000008f700000|  0%| F|  |TAMS 0x000000008f600000, 0x000000008f600000| Untracked 
| 247|0x000000008f700000, 0x000000008f700000, 0x000000008f800000|  0%| F|  |TAMS 0x000000008f700000, 0x000000008f700000| Untracked 
| 248|0x000000008f800000, 0x000000008f800000, 0x000000008f900000|  0%| F|  |TAMS 0x000000008f800000, 0x000000008f800000| Untracked 
| 249|0x000000008f900000, 0x000000008f900000, 0x000000008fa00000|  0%| F|  |TAMS 0x000000008f900000, 0x000000008f900000| Untracked 
| 250|0x000000008fa00000, 0x000000008fa00000, 0x000000008fb00000|  0%| F|  |TAMS 0x000000008fa00000, 0x000000008fa00000| Untracked 
| 251|0x000000008fb00000, 0x000000008fb00000, 0x000000008fc00000|  0%| F|  |TAMS 0x000000008fb00000, 0x000000008fb00000| Untracked 
| 252|0x000000008fc00000, 0x000000008fc00000, 0x000000008fd00000|  0%| F|  |TAMS 0x000000008fc00000, 0x000000008fc00000| Untracked 
| 253|0x000000008fd00000, 0x000000008fd00000, 0x000000008fe00000|  0%| F|  |TAMS 0x000000008fd00000, 0x000000008fd00000| Untracked 
| 254|0x000000008fe00000, 0x000000008fe00000, 0x000000008ff00000|  0%| F|  |TAMS 0x000000008fe00000, 0x000000008fe00000| Untracked 
| 255|0x000000008ff00000, 0x000000008ff00000, 0x0000000090000000|  0%| F|  |TAMS 0x000000008ff00000, 0x000000008ff00000| Untracked 
| 256|0x0000000090000000, 0x0000000090000000, 0x0000000090100000|  0%| F|  |TAMS 0x0000000090000000, 0x0000000090000000| Untracked 
| 257|0x0000000090100000, 0x0000000090100000, 0x0000000090200000|  0%| F|  |TAMS 0x0000000090100000, 0x0000000090100000| Untracked 
| 258|0x0000000090200000, 0x0000000090200000, 0x0000000090300000|  0%| F|  |TAMS 0x0000000090200000, 0x0000000090200000| Untracked 
| 259|0x0000000090300000, 0x0000000090300000, 0x0000000090400000|  0%| F|  |TAMS 0x0000000090300000, 0x0000000090300000| Untracked 
| 260|0x0000000090400000, 0x0000000090400000, 0x0000000090500000|  0%| F|  |TAMS 0x0000000090400000, 0x0000000090400000| Untracked 
| 261|0x0000000090500000, 0x0000000090500000, 0x0000000090600000|  0%| F|  |TAMS 0x0000000090500000, 0x0000000090500000| Untracked 
| 262|0x0000000090600000, 0x0000000090600000, 0x0000000090700000|  0%| F|  |TAMS 0x0000000090600000, 0x0000000090600000| Untracked 
| 263|0x0000000090700000, 0x0000000090700000, 0x0000000090800000|  0%| F|  |TAMS 0x0000000090700000, 0x0000000090700000| Untracked 
| 264|0x0000000090800000, 0x0000000090800000, 0x0000000090900000|  0%| F|  |TAMS 0x0000000090800000, 0x0000000090800000| Untracked 
| 265|0x0000000090900000, 0x0000000090900000, 0x0000000090a00000|  0%| F|  |TAMS 0x0000000090900000, 0x0000000090900000| Untracked 
| 266|0x0000000090a00000, 0x0000000090a00000, 0x0000000090b00000|  0%| F|  |TAMS 0x0000000090a00000, 0x0000000090a00000| Untracked 

Card table byte_map: [0x000002c1bea90000,0x000002c1bee90000] _byte_map_base: 0x000002c1be690000

Marking Bits (Prev, Next): (CMBitMap*) 0x000002c1a567bb70, (CMBitMap*) 0x000002c1a567bb30
 Prev Bits: [0x000002c1c1290000, 0x000002c1c3290000)
 Next Bits: [0x000002c1bf290000, 0x000002c1c1290000)

Polling page: 0x000002c1a5550000

Metaspace:

Usage:
  Non-class:     51.04 MB used.
      Class:      7.68 MB used.
       Both:     58.72 MB used.

Virtual space:
  Non-class space:       64.00 MB reserved,      51.44 MB ( 80%) committed,  1 nodes.
      Class space:        1.00 GB reserved,       8.06 MB ( <1%) committed,  1 nodes.
             Both:        1.06 GB reserved,      59.50 MB (  5%) committed. 

Chunk freelists:
   Non-Class:  3.68 MB
       Class:  4.00 MB
        Both:  7.67 MB

MaxMetaspaceSize: unlimited
CompressedClassSpaceSize: 1.00 GB
Initial GC threshold: 21.00 MB
Current GC threshold: 96.19 MB
CDS: on
MetaspaceReclaimPolicy: balanced
 - commit_granule_bytes: 65536.
 - commit_granule_words: 8192.
 - virtual_space_node_default_size: 8388608.
 - enlarge_chunks_in_place: 1.
 - new_chunks_are_fully_committed: 0.
 - uncommit_free_chunks: 1.
 - use_allocation_guard: 0.


Internal statistics:

num_allocs_failed_limit: 6.
num_arena_births: 1048.
num_arena_deaths: 0.
num_vsnodes_births: 2.
num_vsnodes_deaths: 0.
num_space_committed: 952.
num_space_uncommitted: 0.
num_chunks_returned_to_freelist: 6.
num_chunks_taken_from_freelist: 3155.
num_chunk_merges: 6.
num_chunk_splits: 2320.
num_chunks_enlarged: 1867.
num_inconsistent_stats: 0.

CodeHeap 'non-profiled nmethods': size=120000Kb used=3729Kb max_used=3729Kb free=116270Kb
 bounds [0x000002c1b7160000, 0x000002c1b7510000, 0x000002c1be690000]
CodeHeap 'profiled nmethods': size=120000Kb used=11078Kb max_used=11078Kb free=108921Kb
 bounds [0x000002c1af690000, 0x000002c1b0170000, 0x000002c1b6bc0000]
CodeHeap 'non-nmethods': size=5760Kb used=1397Kb max_used=1447Kb free=4363Kb
 bounds [0x000002c1b6bc0000, 0x000002c1b6e30000, 0x000002c1b7160000]
 total_blobs=5790 nmethods=5142 adapters=559
 compilation: enabled
              stopped_count=0, restarted_count=0
 full_count=0

Compilation events (20 events):
Event: 23.394 Thread 0x000002c1c57bb750 5959   !   3       java.util.concurrent.locks.AbstractQueuedSynchronizer::acquire (407 bytes)
Event: 23.396 Thread 0x000002c1c57bb750 nmethod 5959 0x000002c1b0158110 code [0x000002c1b01584c0, 0x000002c1b0159fd8]
Event: 23.396 Thread 0x000002c1c57bb750 5960       3       java.util.concurrent.locks.LockSupport::unpark (26 bytes)
Event: 23.397 Thread 0x000002c1c57bb750 nmethod 5960 0x000002c1b015a910 code [0x000002c1b015aae0, 0x000002c1b015ae38]
Event: 30.391 Thread 0x000002c1c57bb750 5962       3       java.util.concurrent.locks.LockSupport::setBlocker (12 bytes)
Event: 30.392 Thread 0x000002c1c57bb750 nmethod 5962 0x000002c1b015af10 code [0x000002c1b015b0c0, 0x000002c1b015b2c8]
Event: 32.195 Thread 0x000002c1c57677c0 5963       4       java.net.URLStreamHandler::setURL (73 bytes)
Event: 32.229 Thread 0x000002c1c57677c0 nmethod 5963 0x000002c1b7501b90 code [0x000002c1b7501d60, 0x000002c1b7502ab0]
Event: 32.429 Thread 0x000002c1c57bb750 5964       3       java.util.logging.LogManager$LoggerContext::getGlobalLogger (6 bytes)
Event: 32.429 Thread 0x000002c1c57bb750 nmethod 5964 0x000002c1b015b390 code [0x000002c1b015b520, 0x000002c1b015b638]
Event: 32.458 Thread 0x000002c1c57bb750 5965       3       java.lang.invoke.DelegatingMethodHandle$Holder::delegate (25 bytes)
Event: 32.458 Thread 0x000002c1c57bb750 nmethod 5965 0x000002c1b015b710 code [0x000002c1b015b8e0, 0x000002c1b015be68]
Event: 32.458 Thread 0x000002c1c57bb750 5967       3       java.lang.invoke.StringConcatFactory::generateMHInlineCopy (441 bytes)
Event: 32.461 Thread 0x000002c1c57bb750 nmethod 5967 0x000002c1b015bf90 code [0x000002c1b015c480, 0x000002c1b015ee08]
Event: 32.461 Thread 0x000002c1c57bb750 5968       3       java.lang.invoke.LambdaFormBuffer::noteDuplicate (115 bytes)
Event: 32.462 Thread 0x000002c1c57bb750 nmethod 5968 0x000002c1b015fb10 code [0x000002c1b015fd00, 0x000002c1b0160208]
Event: 32.462 Thread 0x000002c1c57bb750 5966   !   3       java.lang.invoke.StringConcatFactory::makeConcatWithConstants (251 bytes)
Event: 32.464 Thread 0x000002c1c57bb750 nmethod 5966 0x000002c1b0160410 code [0x000002c1b0160940, 0x000002c1b0162cd8]
Event: 32.466 Thread 0x000002c1c57bb750 5971       3       java.lang.invoke.LambdaForm$Name::<init> (99 bytes)
Event: 32.467 Thread 0x000002c1c57bb750 nmethod 5971 0x000002c1b0163c90 code [0x000002c1b0163e40, 0x000002c1b0164158]

GC Heap History (20 events):
Event: 14.206 GC heap before
{Heap before GC invocations=14 (full 0):
 garbage-first heap   total 48128K, used 35789K [0x0000000080000000, 0x0000000100000000)
  region size 1024K, 18 young (18432K), 2 survivors (2048K)
 Metaspace       used 50142K, committed 50752K, reserved 1114112K
  class space    used 6611K, committed 6912K, reserved 1048576K
}
Event: 14.210 GC heap after
{Heap after GC invocations=15 (full 0):
 garbage-first heap   total 48128K, used 21123K [0x0000000080000000, 0x0000000100000000)
  region size 1024K, 2 young (2048K), 2 survivors (2048K)
 Metaspace       used 50142K, committed 50752K, reserved 1114112K
  class space    used 6611K, committed 6912K, reserved 1048576K
}
Event: 14.866 GC heap before
{Heap before GC invocations=15 (full 0):
 garbage-first heap   total 48128K, used 38531K [0x0000000080000000, 0x0000000100000000)
  region size 1024K, 19 young (19456K), 2 survivors (2048K)
 Metaspace       used 53719K, committed 54336K, reserved 1114112K
  class space    used 7064K, committed 7360K, reserved 1048576K
}
Event: 14.874 GC heap after
{Heap after GC invocations=16 (full 0):
 garbage-first heap   total 48128K, used 22722K [0x0000000080000000, 0x0000000100000000)
  region size 1024K, 3 young (3072K), 3 survivors (3072K)
 Metaspace       used 53719K, committed 54336K, reserved 1114112K
  class space    used 7064K, committed 7360K, reserved 1048576K
}
Event: 15.336 GC heap before
{Heap before GC invocations=16 (full 0):
 garbage-first heap   total 48128K, used 38082K [0x0000000080000000, 0x0000000100000000)
  region size 1024K, 18 young (18432K), 3 survivors (3072K)
 Metaspace       used 55303K, committed 55872K, reserved 1114112K
  class space    used 7267K, committed 7552K, reserved 1048576K
}
Event: 15.343 GC heap after
{Heap after GC invocations=17 (full 0):
 garbage-first heap   total 88064K, used 23960K [0x0000000080000000, 0x0000000100000000)
  region size 1024K, 2 young (2048K), 2 survivors (2048K)
 Metaspace       used 55303K, committed 55872K, reserved 1114112K
  class space    used 7267K, committed 7552K, reserved 1048576K
}
Event: 16.354 GC heap before
{Heap before GC invocations=17 (full 0):
 garbage-first heap   total 88064K, used 69016K [0x0000000080000000, 0x0000000100000000)
  region size 1024K, 46 young (47104K), 2 survivors (2048K)
 Metaspace       used 58079K, committed 58688K, reserved 1114112K
  class space    used 7581K, committed 7872K, reserved 1048576K
}
Event: 16.368 GC heap after
{Heap after GC invocations=18 (full 0):
 garbage-first heap   total 88064K, used 31744K [0x0000000080000000, 0x0000000100000000)
  region size 1024K, 6 young (6144K), 6 survivors (6144K)
 Metaspace       used 58079K, committed 58688K, reserved 1114112K
  class space    used 7581K, committed 7872K, reserved 1048576K
}
Event: 16.715 GC heap before
{Heap before GC invocations=18 (full 0):
 garbage-first heap   total 88064K, used 67584K [0x0000000080000000, 0x0000000100000000)
  region size 1024K, 41 young (41984K), 6 survivors (6144K)
 Metaspace       used 58285K, committed 58880K, reserved 1114112K
  class space    used 7593K, committed 7872K, reserved 1048576K
}
Event: 16.732 GC heap after
{Heap after GC invocations=19 (full 0):
 garbage-first heap   total 88064K, used 40437K [0x0000000080000000, 0x0000000100000000)
  region size 1024K, 6 young (6144K), 6 survivors (6144K)
 Metaspace       used 58285K, committed 58880K, reserved 1114112K
  class space    used 7593K, committed 7872K, reserved 1048576K
}
Event: 17.179 GC heap before
{Heap before GC invocations=19 (full 0):
 garbage-first heap   total 88064K, used 67061K [0x0000000080000000, 0x0000000100000000)
  region size 1024K, 32 young (32768K), 6 survivors (6144K)
 Metaspace       used 58373K, committed 59008K, reserved 1114112K
  class space    used 7599K, committed 7872K, reserved 1048576K
}
Event: 17.194 GC heap after
{Heap after GC invocations=20 (full 0):
 garbage-first heap   total 88064K, used 49152K [0x0000000080000000, 0x0000000100000000)
  region size 1024K, 4 young (4096K), 4 survivors (4096K)
 Metaspace       used 58373K, committed 59008K, reserved 1114112K
  class space    used 7599K, committed 7872K, reserved 1048576K
}
Event: 17.395 GC heap before
{Heap before GC invocations=20 (full 0):
 garbage-first heap   total 88064K, used 67584K [0x0000000080000000, 0x0000000100000000)
  region size 1024K, 23 young (23552K), 4 survivors (4096K)
 Metaspace       used 58419K, committed 59072K, reserved 1114112K
  class space    used 7599K, committed 7872K, reserved 1048576K
}
Event: 17.407 GC heap after
{Heap after GC invocations=21 (full 0):
 garbage-first heap   total 108544K, used 55113K [0x0000000080000000, 0x0000000100000000)
  region size 1024K, 3 young (3072K), 3 survivors (3072K)
 Metaspace       used 58419K, committed 59072K, reserved 1114112K
  class space    used 7599K, committed 7872K, reserved 1048576K
}
Event: 17.797 GC heap before
{Heap before GC invocations=22 (full 0):
 garbage-first heap   total 108544K, used 81737K [0x0000000080000000, 0x0000000100000000)
  region size 1024K, 28 young (28672K), 3 survivors (3072K)
 Metaspace       used 58423K, committed 59072K, reserved 1114112K
  class space    used 7599K, committed 7872K, reserved 1048576K
}
Event: 17.809 GC heap after
{Heap after GC invocations=23 (full 0):
 garbage-first heap   total 108544K, used 61440K [0x0000000080000000, 0x0000000100000000)
  region size 1024K, 4 young (4096K), 4 survivors (4096K)
 Metaspace       used 58423K, committed 59072K, reserved 1114112K
  class space    used 7599K, committed 7872K, reserved 1048576K
}
Event: 17.814 GC heap before
{Heap before GC invocations=23 (full 0):
 garbage-first heap   total 108544K, used 62464K [0x0000000080000000, 0x0000000100000000)
  region size 1024K, 5 young (5120K), 4 survivors (4096K)
 Metaspace       used 58423K, committed 59072K, reserved 1114112K
  class space    used 7599K, committed 7872K, reserved 1048576K
}
Event: 17.820 GC heap after
{Heap after GC invocations=24 (full 0):
 garbage-first heap   total 108544K, used 57793K [0x0000000080000000, 0x0000000100000000)
  region size 1024K, 1 young (1024K), 1 survivors (1024K)
 Metaspace       used 58423K, committed 59072K, reserved 1114112K
  class space    used 7599K, committed 7872K, reserved 1048576K
}
Event: 32.474 GC heap before
{Heap before GC invocations=24 (full 0):
 garbage-first heap   total 108544K, used 75201K [0x0000000080000000, 0x0000000100000000)
  region size 1024K, 20 young (20480K), 1 survivors (1024K)
 Metaspace       used 60129K, committed 60928K, reserved 1114112K
  class space    used 7859K, committed 8256K, reserved 1048576K
}
Event: 32.482 GC heap after
{Heap after GC invocations=25 (full 0):
 garbage-first heap   total 108544K, used 61440K [0x0000000080000000, 0x0000000100000000)
  region size 1024K, 3 young (3072K), 3 survivors (3072K)
 Metaspace       used 60129K, committed 60928K, reserved 1114112K
  class space    used 7859K, committed 8256K, reserved 1048576K
}

Dll operation events (14 events):
Event: 0.030 Loaded shared library C:\Program Files\Java\jdk-19\bin\java.dll
Event: 0.053 Loaded shared library C:\Program Files\Java\jdk-19\bin\jsvml.dll
Event: 0.632 Loaded shared library C:\Program Files\Java\jdk-19\bin\zip.dll
Event: 0.638 Loaded shared library C:\Program Files\Java\jdk-19\bin\instrument.dll
Event: 0.649 Loaded shared library C:\Program Files\Java\jdk-19\bin\net.dll
Event: 0.653 Loaded shared library C:\Program Files\Java\jdk-19\bin\nio.dll
Event: 0.657 Loaded shared library C:\Program Files\Java\jdk-19\bin\zip.dll
Event: 2.406 Loaded shared library C:\Program Files\JetBrains\IntelliJ IDEA Community Edition 2022.3.2\bin\breakgen64.dll
Event: 2.427 Loaded shared library C:\Program Files\Java\jdk-19\bin\extnet.dll
Event: 2.623 Loaded shared library C:\Program Files\Java\jdk-19\bin\jimage.dll
Event: 4.051 Loaded shared library C:\Program Files\Java\jdk-19\bin\verify.dll
Event: 8.520 Loaded shared library C:\Program Files\Java\jdk-19\bin\sunmscapi.dll
Event: 8.577 Loaded shared library C:\Program Files\Java\jdk-19\bin\management.dll
Event: 8.582 Loaded shared library C:\Program Files\Java\jdk-19\bin\management_ext.dll

Deoptimization events (20 events):
Event: 17.887 Thread 0x000002c1a7739c70 Uncommon trap: trap_request=0xffffff45 fr.pc=0x000002c1b71a29d8 relative=0x0000000000000698
Event: 17.887 Thread 0x000002c1a7739c70 Uncommon trap: reason=unstable_if action=reinterpret pc=0x000002c1b71a29d8 method=org.springframework.beans.factory.support.DefaultSingletonBeanRegistry.getSingleton(Ljava/lang/String;Z)Ljava/lang/Object; @ 39 c2
Event: 17.887 Thread 0x000002c1a7739c70 DEOPT PACKING pc=0x000002c1b71a29d8 sp=0x000000d03cbfe1b0
Event: 17.887 Thread 0x000002c1a7739c70 DEOPT UNPACKING pc=0x000002c1b6c26d9d sp=0x000000d03cbfe148 mode 2
Event: 18.173 Thread 0x000002c1a7739c70 Uncommon trap: trap_request=0xfffffff4 fr.pc=0x000002c1b729e55c relative=0x000000000000021c
Event: 18.173 Thread 0x000002c1a7739c70 Uncommon trap: reason=null_check action=make_not_entrant pc=0x000002c1b729e55c method=org.springframework.util.ClassUtils.isAssignable(Ljava/lang/Class;Ljava/lang/Class;)Z @ 14 c2
Event: 18.173 Thread 0x000002c1a7739c70 DEOPT PACKING pc=0x000002c1b729e55c sp=0x000000d03cbfe5f0
Event: 18.173 Thread 0x000002c1a7739c70 DEOPT UNPACKING pc=0x000002c1b6c26d9d sp=0x000000d03cbfe580 mode 2
Event: 18.307 Thread 0x000002c1a7739c70 Uncommon trap: trap_request=0xffffff45 fr.pc=0x000002c1b71f96a8 relative=0x00000000000018a8
Event: 18.307 Thread 0x000002c1a7739c70 Uncommon trap: reason=unstable_if action=reinterpret pc=0x000002c1b71f96a8 method=org.springframework.core.annotation.AnnotationsScanner.processClassInheritedAnnotations(Ljava/lang/Object;Ljava/lang/Class;Lorg/springframework/core/annotation/MergedAnnotat
Event: 18.307 Thread 0x000002c1a7739c70 DEOPT PACKING pc=0x000002c1b71f96a8 sp=0x000000d03cbfebc0
Event: 18.307 Thread 0x000002c1a7739c70 DEOPT UNPACKING pc=0x000002c1b6c26d9d sp=0x000000d03cbfea08 mode 2
Event: 18.307 Thread 0x000002c1a7739c70 Uncommon trap: trap_request=0xffffff45 fr.pc=0x000002c1b73ab7a8 relative=0x00000000000013c8
Event: 18.307 Thread 0x000002c1a7739c70 Uncommon trap: reason=unstable_if action=reinterpret pc=0x000002c1b73ab7a8 method=org.springframework.core.annotation.AnnotationsScanner.processClassInheritedAnnotations(Ljava/lang/Object;Ljava/lang/Class;Lorg/springframework/core/annotation/MergedAnnotat
Event: 18.307 Thread 0x000002c1a7739c70 DEOPT PACKING pc=0x000002c1b73ab7a8 sp=0x000000d03cbfeb10
Event: 18.307 Thread 0x000002c1a7739c70 DEOPT UNPACKING pc=0x000002c1b6c26d9d sp=0x000000d03cbfe9f8 mode 2
Event: 18.398 Thread 0x000002c1a7739c70 Uncommon trap: trap_request=0xffffff45 fr.pc=0x000002c1b71dc980 relative=0x0000000000000060
Event: 18.398 Thread 0x000002c1a7739c70 Uncommon trap: reason=unstable_if action=reinterpret pc=0x000002c1b71dc980 method=org.springframework.util.ConcurrentReferenceHashMap$Segment.clear()V @ 7 c2
Event: 18.398 Thread 0x000002c1a7739c70 DEOPT PACKING pc=0x000002c1b71dc980 sp=0x000000d03cbfec20
Event: 18.398 Thread 0x000002c1a7739c70 DEOPT UNPACKING pc=0x000002c1b6c26d9d sp=0x000000d03cbfebb0 mode 2

Classes loaded (20 events):
Event: 30.501 Loading class java/util/concurrent/BlockingDeque done
Event: 30.501 Loading class java/util/concurrent/LinkedBlockingDeque done
Event: 30.501 Loading class java/util/concurrent/Semaphore
Event: 30.501 Loading class java/util/concurrent/Semaphore done
Event: 30.501 Loading class java/util/concurrent/Semaphore$NonfairSync
Event: 30.502 Loading class java/util/concurrent/Semaphore$Sync
Event: 30.502 Loading class java/util/concurrent/Semaphore$Sync done
Event: 30.502 Loading class java/util/concurrent/Semaphore$NonfairSync done
Event: 30.502 Loading class sun/nio/ch/SocketAdaptor
Event: 30.503 Loading class sun/nio/ch/SocketAdaptor done
Event: 30.503 Loading class sun/nio/ch/SocketChannelImpl$DefaultOptionsHolder
Event: 30.503 Loading class sun/nio/ch/SocketChannelImpl$DefaultOptionsHolder done
Event: 30.505 Loading class sun/nio/ch/SelectionKeyImpl
Event: 30.508 Loading class java/nio/channels/spi/AbstractSelectionKey
Event: 30.508 Loading class java/nio/channels/SelectionKey
Event: 30.508 Loading class java/nio/channels/SelectionKey done
Event: 30.508 Loading class java/nio/channels/spi/AbstractSelectionKey done
Event: 30.508 Loading class sun/nio/ch/SelectionKeyImpl done
Event: 30.509 Loading class java/lang/invoke/ConstantBootstraps
Event: 30.512 Loading class java/lang/invoke/ConstantBootstraps done

Classes unloaded (0 events):
No events

Classes redefined (0 events):
No events

Internal exceptions (20 events):
Event: 17.368 Thread 0x000002c1cce472a0 Exception <a 'sun/nio/fs/WindowsException'{0x00000000845b55d8}> (0x00000000845b55d8) 
thrown [s\open\src\hotspot\share\prims\jni.cpp, line 517]
Event: 17.368 Thread 0x000002c1cce472a0 Exception <a 'sun/nio/fs/WindowsException'{0x00000000845b5ac0}> (0x00000000845b5ac0) 
thrown [s\open\src\hotspot\share\prims\jni.cpp, line 517]
Event: 17.368 Thread 0x000002c1cce472a0 Exception <a 'sun/nio/fs/WindowsException'{0x00000000845b6600}> (0x00000000845b6600) 
thrown [s\open\src\hotspot\share\prims\jni.cpp, line 517]
Event: 17.368 Thread 0x000002c1cce472a0 Exception <a 'sun/nio/fs/WindowsException'{0x00000000845b6b20}> (0x00000000845b6b20) 
thrown [s\open\src\hotspot\share\prims\jni.cpp, line 517]
Event: 17.368 Thread 0x000002c1cce472a0 Exception <a 'sun/nio/fs/WindowsException'{0x00000000845b7678}> (0x00000000845b7678) 
thrown [s\open\src\hotspot\share\prims\jni.cpp, line 517]
Event: 17.368 Thread 0x000002c1cce472a0 Exception <a 'sun/nio/fs/WindowsException'{0x00000000845b7bc0}> (0x00000000845b7bc0) 
thrown [s\open\src\hotspot\share\prims\jni.cpp, line 517]
Event: 17.369 Thread 0x000002c1cce472a0 Exception <a 'sun/nio/fs/WindowsException'{0x00000000845b8700}> (0x00000000845b8700) 
thrown [s\open\src\hotspot\share\prims\jni.cpp, line 517]
Event: 17.369 Thread 0x000002c1cce472a0 Exception <a 'sun/nio/fs/WindowsException'{0x00000000845b8c40}> (0x00000000845b8c40) 
thrown [s\open\src\hotspot\share\prims\jni.cpp, line 517]
Event: 18.022 Thread 0x000002c1a7739c70 Exception <a 'java/lang/NoSuchMethodError'{0x0000000086046490}: 'java.lang.Object java.lang.invoke.DirectMethodHandle$Holder.invokeVirtual(java.lang.Object, java.lang.Object, java.lang.Object, java.lang.Object, java.lang.Object, java.lang.Object, java.lang.Object, java.lang.Object, java.lang.Object)'> (0x0000000086046490) 
thrown [s\open\src\hotspot\share\interpreter\linkResolver.cpp, line 774]
Event: 18.085 Thread 0x000002c1a7739c70 Exception <a 'java/lang/NoSuchMethodError'{0x0000000085fb0868}: 'java.lang.Object java.lang.invoke.DirectMethodHandle$Holder.invokeVirtual(java.lang.Object, java.lang.Object, java.lang.Object, java.lang.Object, java.lang.Object, java.lang.Object, java.lang.Object, java.lang.Object, java.lang.Object, java.lang.Object)'> (0x0000000085fb0868) 
thrown [s\open\src\hotspot\share\interpreter\linkResolver.cpp, line 774]
Event: 18.113 Thread 0x000002c1a7739c70 Exception <a 'java/lang/NoSuchMethodError'{0x0000000085e48240}: 'java.lang.Object java.lang.invoke.DirectMethodHandle$Holder.invokeVirtual(java.lang.Object, java.lang.Object, java.lang.Object, java.lang.Object, java.lang.Object, java.lang.Object, java.lang.Object, java.lang.Object, java.lang.Object, java.lang.Object, java.lang.Object, java.lang.Object)'> (0x0000000085e48240) 
thrown [s\open\src\hotspot\share\interpreter\linkResolver.cpp, line 774]
Event: 18.113 Thread 0x000002c1a7739c70 Exception <a 'java/lang/NoSuchMethodError'{0x0000000085e4d4f8}: 'java.lang.Object java.lang.invoke.DirectMethodHandle$Holder.invokeSpecial(java.lang.Object, java.lang.Object, java.lang.Object, java.lang.Object, java.lang.Object, java.lang.Object, java.lang.Object, java.lang.Object, java.lang.Object, java.lang.Object, java.lang.Object, java.lang.Object, java.lang.Object)'> (0x0000000085e4d4f8) 
thrown [s\open\src\hotspot\share\interpreter\linkResolver.cpp, line 774]
Event: 18.173 Thread 0x000002c1a7739c70 Implicit null exception at 0x000002c1b729e35a to 0x000002c1b729e548
Event: 18.331 Thread 0x000002c1a7739c70 Exception <a 'java/lang/NoSuchMethodError'{0x0000000085ae88e8}: 'java.lang.Object java.lang.invoke.DirectMethodHandle$Holder.newInvokeSpecial(java.lang.Object, java.lang.Object, int, java.lang.Object, java.lang.Object)'> (0x0000000085ae88e8) 
thrown [s\open\src\hotspot\share\interpreter\linkResolver.cpp, line 774]
Event: 18.333 Thread 0x000002c1a7739c70 Exception <a 'java/lang/NoSuchMethodError'{0x0000000085af4410}: 'java.lang.Object java.lang.invoke.DirectMethodHandle$Holder.invokeSpecial(java.lang.Object, java.lang.Object, int, java.lang.Object, int, java.lang.Object)'> (0x0000000085af4410) 
thrown [s\open\src\hotspot\share\interpreter\linkResolver.cpp, line 774]
Event: 18.333 Thread 0x000002c1a7739c70 Exception <a 'java/lang/NoSuchMethodError'{0x0000000085afc718}: 'java.lang.Object java.lang.invoke.DirectMethodHandle$Holder.newInvokeSpecial(java.lang.Object, java.lang.Object, int, java.lang.Object, int)'> (0x0000000085afc718) 
thrown [s\open\src\hotspot\share\interpreter\linkResolver.cpp, line 774]
Event: 18.334 Thread 0x000002c1a7739c70 Exception <a 'java/lang/NoSuchMethodError'{0x0000000085900cc8}: 'java.lang.Object java.lang.invoke.DirectMethodHandle$Holder.invokeSpecial(java.lang.Object, java.lang.Object, java.lang.Object, int, java.lang.Object, int)'> (0x0000000085900cc8) 
thrown [s\open\src\hotspot\share\interpreter\linkResolver.cpp, line 774]
Event: 18.407 Thread 0x000002c1a7739c70 Exception <a 'sun/nio/fs/WindowsException'{0x00000000858a0750}> (0x00000000858a0750) 
thrown [s\open\src\hotspot\share\prims\jni.cpp, line 517]
Event: 32.473 Thread 0x000002c1cce43d80 Exception <a 'java/lang/NoSuchMethodError'{0x0000000085621078}: 'java.lang.Object java.lang.invoke.DirectMethodHandle$Holder.invokeSpecial(java.lang.Object, java.lang.Object, java.lang.Object, java.lang.Object, java.lang.Object, long)'> (0x0000000085621078) 
thrown [s\open\src\hotspot\share\interpreter\linkResolver.cpp, line 774]
Event: 32.474 Thread 0x000002c1cce43d80 Exception <a 'java/lang/NoSuchMethodError'{0x0000000085624ac8}: 'java.lang.Object java.lang.invoke.Invokers$Holder.linkToTargetMethod(java.lang.Object, java.lang.Object, java.lang.Object, long, java.lang.Object)'> (0x0000000085624ac8) 
thrown [s\open\src\hotspot\share\interpreter\linkResolver.cpp, line 774]

VM Operations (20 events):
Event: 17.604 Executing VM operation: G1PauseCleanup
Event: 17.604 Executing VM operation: G1PauseCleanup done
Event: 17.797 Executing VM operation: G1CollectForAllocation
Event: 17.810 Executing VM operation: G1CollectForAllocation done
Event: 17.814 Executing VM operation: G1CollectForAllocation
Event: 17.820 Executing VM operation: G1CollectForAllocation done
Event: 18.183 Executing VM operation: HandshakeAllThreads
Event: 18.198 Executing VM operation: HandshakeAllThreads done
Event: 18.343 Executing VM operation: HandshakeAllThreads
Event: 18.344 Executing VM operation: HandshakeAllThreads done
Event: 18.348 Executing VM operation: HandshakeAllThreads
Event: 18.348 Executing VM operation: HandshakeAllThreads done
Event: 18.379 Executing VM operation: HandshakeAllThreads
Event: 18.379 Executing VM operation: HandshakeAllThreads done
Event: 19.381 Executing VM operation: Cleanup
Event: 19.382 Executing VM operation: Cleanup done
Event: 32.471 Executing VM operation: Cleanup
Event: 32.472 Executing VM operation: Cleanup done
Event: 32.474 Executing VM operation: G1TryInitiateConcMark
Event: 32.482 Executing VM operation: G1TryInitiateConcMark done

Events (20 events):
Event: 17.842 Thread 0x000002c1cce432e0 Thread exited: 0x000002c1cce432e0
Event: 17.842 Thread 0x000002c1cce46d50 Thread exited: 0x000002c1cce46d50
Event: 17.842 Thread 0x000002c1cce44820 Thread exited: 0x000002c1cce44820
Event: 18.203 Thread 0x000002c1c5760810 flushing nmethod 0x000002c1af9b1910
Event: 18.356 Thread 0x000002c1cce40310 Thread added: 0x000002c1cce40310
Event: 18.356 Thread 0x000002c1cce43d80 Thread added: 0x000002c1cce43d80
Event: 18.356 Thread 0x000002c1cce41da0 Thread added: 0x000002c1cce41da0
Event: 18.356 Thread 0x000002c1cce42d90 Thread added: 0x000002c1cce42d90
Event: 18.356 Thread 0x000002c1cce462b0 Thread added: 0x000002c1cce462b0
Event: 18.357 Thread 0x000002c1cce452c0 Thread added: 0x000002c1cce452c0
Event: 18.357 Thread 0x000002c1cce42840 Thread added: 0x000002c1cce42840
Event: 18.357 Thread 0x000002c1cce44820 Thread added: 0x000002c1cce44820
Event: 18.357 Thread 0x000002c1cce432e0 Thread added: 0x000002c1cce432e0
Event: 18.357 Thread 0x000002c1cce46d50 Thread added: 0x000002c1cce46d50
Event: 18.377 Thread 0x000002c1cce44d70 Thread added: 0x000002c1cce44d70
Event: 18.380 Thread 0x000002c1cce45810 Thread added: 0x000002c1cce45810
Event: 18.435 Thread 0x000002c1a7739c70 Thread exited: 0x000002c1a7739c70
Event: 18.435 Thread 0x000002c1cce40860 Thread added: 0x000002c1cce40860
Event: 19.554 Thread 0x000002c1cce422f0 Thread exited: 0x000002c1cce422f0
Event: 19.680 Thread 0x000002c1c9aa2a90 Thread exited: 0x000002c1c9aa2a90


Dynamic libraries:
0x00007ff62cdb0000 - 0x00007ff62cdc0000 	C:\Program Files\Java\jdk-19\bin\java.exe
0x00007ffba7b50000 - 0x00007ffba7d48000 	C:\WINDOWS\SYSTEM32\ntdll.dll
0x00007ffb81f50000 - 0x00007ffb81f67000 	C:\Program Files\AVAST Software\Avast\aswhook.dll
0x00007ffba69a0000 - 0x00007ffba6a5f000 	C:\WINDOWS\System32\KERNEL32.DLL
0x00007ffba58b0000 - 0x00007ffba5b82000 	C:\WINDOWS\System32\KERNELBASE.dll
0x00007ffba53a0000 - 0x00007ffba54a0000 	C:\WINDOWS\System32\ucrtbase.dll
0x00007ffb923e0000 - 0x00007ffb923f8000 	C:\Program Files\Java\jdk-19\bin\jli.dll
0x00007ffba6a60000 - 0x00007ffba6b0e000 	C:\WINDOWS\System32\ADVAPI32.dll
0x00007ffba6b10000 - 0x00007ffba6bae000 	C:\WINDOWS\System32\msvcrt.dll
0x00007ffba74c0000 - 0x00007ffba755c000 	C:\WINDOWS\System32\sechost.dll
0x00007ffba79e0000 - 0x00007ffba7b05000 	C:\WINDOWS\System32\RPCRT4.dll
0x00007ffb9cec0000 - 0x00007ffb9cedb000 	C:\Program Files\Java\jdk-19\bin\VCRUNTIME140.dll
0x00007ffba6d70000 - 0x00007ffba6f11000 	C:\WINDOWS\System32\USER32.dll
0x00007ffba5750000 - 0x00007ffba5772000 	C:\WINDOWS\System32\win32u.dll
0x00007ffba5e70000 - 0x00007ffba5e9b000 	C:\WINDOWS\System32\GDI32.dll
0x00007ffba54a0000 - 0x00007ffba55af000 	C:\WINDOWS\System32\gdi32full.dll
0x00007ffba5810000 - 0x00007ffba58ad000 	C:\WINDOWS\System32\msvcp_win.dll
0x00007ffb908d0000 - 0x00007ffb90b6a000 	C:\WINDOWS\WinSxS\amd64_microsoft.windows.common-controls_6595b64144ccf1df_6.0.19041.1110_none_60b5254171f9507e\COMCTL32.dll
0x00007ffb9edc0000 - 0x00007ffb9edca000 	C:\WINDOWS\SYSTEM32\VERSION.dll
0x00007ffba5c10000 - 0x00007ffba5c42000 	C:\WINDOWS\System32\IMM32.DLL
0x00007ffb923a0000 - 0x00007ffb923ac000 	C:\Program Files\Java\jdk-19\bin\vcruntime140_1.dll
0x00007ffb669e0000 - 0x00007ffb66a6e000 	C:\Program Files\Java\jdk-19\bin\msvcp140.dll
0x00007ffb11280000 - 0x00007ffb11f40000 	C:\Program Files\Java\jdk-19\bin\server\jvm.dll
0x00007ffb8b7f0000 - 0x00007ffb8b7f9000 	C:\WINDOWS\SYSTEM32\WSOCK32.dll
0x00007ffb9a590000 - 0x00007ffb9a5b7000 	C:\WINDOWS\SYSTEM32\WINMM.dll
0x00007ffba6d00000 - 0x00007ffba6d6b000 	C:\WINDOWS\System32\WS2_32.dll
0x00007ffba3120000 - 0x00007ffba3132000 	C:\WINDOWS\SYSTEM32\kernel.appcore.dll
0x00007ffb92380000 - 0x00007ffb9238a000 	C:\Program Files\Java\jdk-19\bin\jimage.dll
0x00007ffb9c130000 - 0x00007ffb9c314000 	C:\WINDOWS\SYSTEM32\DBGHELP.DLL
0x00007ffb9cc40000 - 0x00007ffb9cc75000 	C:\WINDOWS\SYSTEM32\dbgcore.DLL
0x00007ffba5780000 - 0x00007ffba5802000 	C:\WINDOWS\System32\bcryptPrimitives.dll
0x00007ffb91430000 - 0x00007ffb9143e000 	C:\Program Files\Java\jdk-19\bin\instrument.dll
0x00007ffb87040000 - 0x00007ffb87066000 	C:\Program Files\Java\jdk-19\bin\java.dll
0x00007ffb5a950000 - 0x00007ffb5aa27000 	C:\Program Files\Java\jdk-19\bin\jsvml.dll
0x00007ffba6130000 - 0x00007ffba6875000 	C:\WINDOWS\System32\SHELL32.dll
0x00007ffba3320000 - 0x00007ffba3ab2000 	C:\WINDOWS\SYSTEM32\windows.storage.dll
0x00007ffba7560000 - 0x00007ffba78b5000 	C:\WINDOWS\System32\combase.dll
0x00007ffba4ca0000 - 0x00007ffba4cd0000 	C:\WINDOWS\SYSTEM32\Wldp.dll
0x00007ffba7410000 - 0x00007ffba74bd000 	C:\WINDOWS\System32\SHCORE.dll
0x00007ffba5bb0000 - 0x00007ffba5c05000 	C:\WINDOWS\System32\shlwapi.dll
0x00007ffba5180000 - 0x00007ffba519f000 	C:\WINDOWS\SYSTEM32\profapi.dll
0x00007ffb87730000 - 0x00007ffb87748000 	C:\Program Files\Java\jdk-19\bin\zip.dll
0x00007ffb86e10000 - 0x00007ffb86e23000 	C:\Program Files\Java\jdk-19\bin\net.dll
0x00007ffb9d480000 - 0x00007ffb9d58c000 	C:\WINDOWS\SYSTEM32\WINHTTP.dll
0x00007ffba4a00000 - 0x00007ffba4a6a000 	C:\WINDOWS\system32\mswsock.dll
0x00007ffb86360000 - 0x00007ffb86376000 	C:\Program Files\Java\jdk-19\bin\nio.dll
0x00007ffb86340000 - 0x00007ffb8635a000 	C:\Program Files\JetBrains\IntelliJ IDEA Community Edition 2022.3.2\bin\breakgen64.dll
0x00007ffb8f780000 - 0x00007ffb8f788000 	C:\Program Files\Java\jdk-19\bin\extnet.dll
0x00007ffb8e830000 - 0x00007ffb8e840000 	C:\Program Files\Java\jdk-19\bin\verify.dll
0x00007ffba4bf0000 - 0x00007ffba4c08000 	C:\WINDOWS\SYSTEM32\CRYPTSP.dll
0x00007ffba42b0000 - 0x00007ffba42e4000 	C:\WINDOWS\system32\rsaenh.dll
0x00007ffba5720000 - 0x00007ffba5747000 	C:\WINDOWS\System32\bcrypt.dll
0x00007ffba5140000 - 0x00007ffba516e000 	C:\WINDOWS\SYSTEM32\USERENV.dll
0x00007ffba4c10000 - 0x00007ffba4c1c000 	C:\WINDOWS\SYSTEM32\CRYPTBASE.dll
0x00007ffba46a0000 - 0x00007ffba46db000 	C:\WINDOWS\SYSTEM32\IPHLPAPI.DLL
0x00007ffba5ba0000 - 0x00007ffba5ba8000 	C:\WINDOWS\System32\NSI.dll
0x00007ffb9ee10000 - 0x00007ffb9ee27000 	C:\WINDOWS\SYSTEM32\dhcpcsvc6.DLL
0x00007ffb9edf0000 - 0x00007ffb9ee0d000 	C:\WINDOWS\SYSTEM32\dhcpcsvc.DLL
0x00007ffba46f0000 - 0x00007ffba47bb000 	C:\WINDOWS\SYSTEM32\DNSAPI.dll
0x00007ffb877c0000 - 0x00007ffb877ce000 	C:\Program Files\Java\jdk-19\bin\sunmscapi.dll
0x00007ffba5240000 - 0x00007ffba5396000 	C:\WINDOWS\System32\CRYPT32.dll
0x00007ffba4d10000 - 0x00007ffba4d37000 	C:\WINDOWS\SYSTEM32\ncrypt.dll
0x00007ffba4cd0000 - 0x00007ffba4d0b000 	C:\WINDOWS\SYSTEM32\NTASN1.dll
0x00007ffb8d730000 - 0x00007ffb8d73a000 	C:\Program Files\Java\jdk-19\bin\management.dll
0x00007ffb8c380000 - 0x00007ffb8c38b000 	C:\Program Files\Java\jdk-19\bin\management_ext.dll
0x00007ffba5b90000 - 0x00007ffba5b98000 	C:\WINDOWS\System32\PSAPI.DLL
0x00007ffb9b400000 - 0x00007ffb9b40a000 	C:\Windows\System32\rasadhlp.dll
0x00007ffb9b320000 - 0x00007ffb9b3a0000 	C:\WINDOWS\System32\fwpuclnt.dll
0x00007ffb723b0000 - 0x00007ffb723b7000 	C:\WINDOWS\system32\wshunix.dll

dbghelp: loaded successfully - version: 4.0.5 - missing functions: none
symbol engine: initialized successfully - sym options: 0x614 - pdb path: .;C:\Program Files\Java\jdk-19\bin;C:\WINDOWS\SYSTEM32;C:\Program Files\AVAST Software\Avast;C:\WINDOWS\WinSxS\amd64_microsoft.windows.common-controls_6595b64144ccf1df_6.0.19041.1110_none_60b5254171f9507e;C:\Program Files\Java\jdk-19\bin\server;C:\Program Files\JetBrains\IntelliJ IDEA Community Edition 2022.3.2\bin

VM Arguments:
jvm_args: -javaagent:C:\Program Files\JetBrains\IntelliJ IDEA Community Edition 2022.3.2\lib\idea_rt.jar=55356:C:\Program Files\JetBrains\IntelliJ IDEA Community Edition 2022.3.2\bin -Dfile.encoding=UTF-8 -Dsun.stdout.encoding=UTF-8 -Dsun.stderr.encoding=UTF-8 
java_command: shop.Main
java_class_path (initial): K:\A_Step\Lesson_CI\5 \102 (18-02-23) Java Spring\shop\target\classes;C:\Users\Igor\.m2\repository\org\springframework\boot\spring-boot-starter-web\3.0.2\spring-boot-starter-web-3.0.2.jar;C:\Users\Igor\.m2\repository\org\springframework\boot\spring-boot-starter\3.0.2\spring-boot-starter-3.0.2.jar;C:\Users\Igor\.m2\repository\org\springframework\boot\spring-boot\3.0.2\spring-boot-3.0.2.jar;C:\Users\Igor\.m2\repository\org\springframework\boot\spring-boot-autoconfigure\3.0.2\spring-boot-autoconfigure-3.0.2.jar;C:\Users\Igor\.m2\repository\org\springframework\boot\spring-boot-starter-logging\3.0.2\spring-boot-starter-logging-3.0.2.jar;C:\Users\Igor\.m2\repository\ch\qos\logback\logback-classic\1.4.5\logback-classic-1.4.5.jar;C:\Users\Igor\.m2\repository\ch\qos\logback\logback-core\1.4.5\logback-core-1.4.5.jar;C:\Users\Igor\.m2\repository\org\apache\logging\log4j\log4j-to-slf4j\2.19.0\log4j-to-slf4j-2.19.0.jar;C:\Users\Igor\.m2\repository\org\apache\logging\log4j\log4j-api\2.19.0\log4j-api-2.19.0.jar;C:\Users\Igor\.m2\repository\org\slf4j\jul-to-slf4j\2.0.6\jul-to-slf4j-2.0.6.jar;C:\Users\Igor\.m2\repository\jakarta\annotation\jakarta.annotation-api\2.1.1\jakarta.annotation-api-2.1.1.jar;C:\Users\Igor\.m2\repository\org\yaml\snakeyaml\1.33\snakeyaml-1.33.jar;C:\Users\Igor\.m2\repository\org\springframework\boot\spring-boot-starter-json\3.0.2\spring-boot-starter-json-3.0.2.jar;C:\Users\Igor\.m2\repository\com\fasterxml\jackson\core\jackson-databind\2.14.1\jackson-databind-2.14.1.jar;C:\Users\Igor\.m2\repository\com\fasterxml\jackson\core\jackson-annotations\2.14.1\jackson-annotations-2.14.1.jar;C:\Users\Igor\.m2\repository\com\fasterxml\jackson\core\jackson-core\2.14.1\jackson-core-2.14.1.jar;C:\Users\Igor\.m2\repository\com\fasterxml\jackson\datatype\jackson-datatype-jdk8\2.14.1\jackson-datatype-jdk8-2.14.1.jar;C:\Users\Igor\.m2\repository\com\fasterxml\jackson\datatype\jackson-datatype-jsr310\2.14.1\jackson-datatype-jsr310-2.14.1.jar;C:\Users\Igor\.m2\repository\com\fasterxml\jackson\module\jackson-module-parameter-names\2.14.1\jackson-module-parameter-names-2.14.1.jar;C:\Users\Igor\.m2\repository\org\springframework\boot\spring-boot-starter-tomcat\3.0.2\spring-boot-starter-tomcat-3.0.2.jar;C:\Users\Igor\.m2\repository\org\apache\tomcat\embed\tomcat-embed-core\10.1.5\tomcat-embed-core-10.1.5.jar;C:\Users\Igor\.m2\repository\org\apache\tomcat\embed\tomcat-embed-websocket\10.1.5\tomcat-embed-websocket-10.1.5.jar;C:\Users\Igor\.m2\repository\org\springframework\spring-web\6.0.4\spring-web-6.0.4.jar;C:\Users\Igor\.m2\repository\org\springframework\spring-beans\6.0.4\spring-beans-6.0.4.jar;C:\Users\Igor\.m2\repository\io\micrometer\micrometer-observation\1.10.3\micrometer-observation-1.10.3.jar;C:\Users\Igor\.m2\repository\io\micrometer\micrometer-commons\1.10.3\micrometer-commons-1.10.3.jar;C:\Users\Igor\.m2\repository\org\springframework\spring-webmvc\6.0.4\spring-webmvc-6.0.4.jar;C:\Users\Igor\.m2\repository\org\springframework\spring-aop\6.0.4\spring-aop-6.0.4.jar;C:\Users\Igor\.m2\repository\org\springframework\spring-context\6.0.4\spring-context-6.0.4.jar;C:\Users\Igor\.m2\repository\org\springframework\spring-expression\6.0.4\spring-expression-6.0.4.jar;C:\Users\Igor\.m2\repository\org\springframework\boot\spring-boot-starter-thymeleaf\3.0.2\spring-boot-starter-thymeleaf-3.0.2.jar;C:\Users\Igor\.m2\repository\org\thymeleaf\thymeleaf-spring6\3.1.1.RELEASE\thymeleaf-spring6-3.1.1.RELEASE.jar;C:\Users\Igor\.m2\repository\org\thymeleaf\thymeleaf\3.1.1.RELEASE\thymeleaf-3.1.1.RELEASE.jar;C:\Users\Igor\.m2\repository\org\attoparser\attoparser\2.0.6.RELEASE\attoparser-2.0.6.RELEASE.jar;C:\Users\Igor\.m2\repository\org\unbescape\unbescape\1.1.6.RELEASE\unbescape-1.1.6.RELEASE.jar;C:\Users\Igor\.m2\repository\org\slf4j\slf4j-api\2.0.6\slf4j-api-2.0.6.jar;C:\Users\Igor\.m2\repository\jakarta\xml\bind\jakarta.xml.bind-api\4.0.0\jakarta.xml.bind-api-4.0.0.jar;C:\Users\Igor\.m2\repository\jakarta\activation\jakarta.activation-api\2.1.1\jakarta.activation-api-2.1.1.jar;C:\Users\Igor\.m2\repository\net\bytebuddy\byte-buddy\1.12.22\byte-buddy-1.12.22.jar;C:\Users\Igor\.m2\repository\org\springframework\spring-core\6.0.4\spring-core-6.0.4.jar;C:\Users\Igor\.m2\repository\org\springframework\spring-jcl\6.0.4\spring-jcl-6.0.4.jar;C:\Users\Igor\.m2\repository\org\mapstruct\mapstruct\1.5.3.Final\mapstruct-1.5.3.Final.jar;C:\Users\Igor\.m2\repository\org\projectlombok\lombok-mapstruct-binding\0.2.0\lombok-mapstruct-binding-0.2.0.jar;C:\Users\Igor\.m2\repository\org\springdoc\springdoc-openapi-starter-webmvc-ui\2.0.2\springdoc-openapi-starter-webmvc-ui-2.0.2.jar;C:\Users\Igor\.m2\repository\org\springdoc\springdoc-openapi-starter-webmvc-api\2.0.2\springdoc-openapi-starter-webmvc-api-2.0.2.jar;C:\Users\Igor\.m2\repository\org\springdoc\springdoc-openapi-starter-common\2.0.2\springdoc-openapi-starter-common-2.0.2.jar;C:\Users\Igor\.m2\repository\io\swagger\core\v3\swagger-core-jakarta\2.2.7\swagger-core-jakarta-2.2.7.jar;C:\Users\Igor\.m2\repository\org\apache\commons\commons-lang3\3.12.0\commons-lang3-3.12.0.jar;C:\Users\Igor\.m2\repository\io\swagger\core\v3\swagger-annotations-jakarta\2.2.7\swagger-annotations-jakarta-2.2.7.jar;C:\Users\Igor\.m2\repository\io\swagger\core\v3\swagger-models-jakarta\2.2.7\swagger-models-jakarta-2.2.7.jar;C:\Users\Igor\.m2\repository\com\fasterxml\jackson\dataformat\jackson-dataformat-yaml\2.14.1\jackson-dataformat-yaml-2.14.1.jar;C:\Users\Igor\.m2\repository\org\webjars\swagger-ui\4.15.5\swagger-ui-4.15.5.jar;C:\Users\Igor\.m2\repository\org\webjars\webjars-locator-core\0.52\webjars-locator-core-0.52.jar;C:\Users\Igor\.m2\repository\io\github\classgraph\classgraph\4.8.149\classgraph-4.8.149.jar;C:\Users\Igor\.m2\repository\org\springdoc\springdoc-openapi-ui\1.6.14\springdoc-openapi-ui-1.6.14.jar;C:\Users\Igor\.m2\repository\org\springdoc\springdoc-openapi-webmvc-core\1.6.14\springdoc-openapi-webmvc-core-1.6.14.jar;C:\Users\Igor\.m2\repository\org\springdoc\springdoc-openapi-common\1.6.14\springdoc-openapi-common-1.6.14.jar;C:\Users\Igor\.m2\repository\io\swagger\core\v3\swagger-core\2.2.7\swagger-core-2.2.7.jar;C:\Users\Igor\.m2\repository\io\swagger\core\v3\swagger-annotations\2.2.7\swagger-annotations-2.2.7.jar;C:\Users\Igor\.m2\repository\io\swagger\core\v3\swagger-models\2.2.7\swagger-models-2.2.7.jar;C:\Users\Igor\.m2\repository\org\springframework\boot\spring-boot-starter-data-jpa\3.0.2\spring-boot-starter-data-jpa-3.0.2.jar;C:\Users\Igor\.m2\repository\org\springframework\boot\spring-boot-starter-aop\3.0.2\spring-boot-starter-aop-3.0.2.jar;C:\Users\Igor\.m2\repository\org\aspectj\aspectjweaver\1.9.19\aspectjweaver-1.9.19.jar;C:\Users\Igor\.m2\repository\org\springframework\boot\spring-boot-starter-jdbc\3.0.2\spring-boot-starter-jdbc-3.0.2.jar;C:\Users\Igor\.m2\repository\com\zaxxer\HikariCP\5.0.1\HikariCP-5.0.1.jar;C:\Users\Igor\.m2\repository\org\springframework\spring-jdbc\6.0.4\spring-jdbc-6.0.4.jar;C:\Users\Igor\.m2\repository\org\hibernate\orm\hibernate-core\6.1.6.Final\hibernate-core-6.1.6.Final.jar;C:\Users\Igor\.m2\repository\jakarta\persistence\jakarta.persistence-api\3.1.0\jakarta.persistence-api-3.1.0.jar;C:\Users\Igor\.m2\repository\jakarta\transaction\jakarta.transaction-api\2.0.1\jakarta.transaction-api-2.0.1.jar;C:\Users\Igor\.m2\repository\org\jboss\logging\jboss-logging\3.5.0.Final\jboss-logging-3.5.0.Final.jar;C:\Users\Igor\.m2\repository\org\hibernate\common\hibernate-commons-annotations\6.0.2.Final\hibernate-commons-annotations-6.0.2.Final.jar;C:\Users\Igor\.m2\repository\org\jboss\jandex\2.4.2.Final\jandex-2.4.2.Final.jar;C:\Users\Igor\.m2\repository\com\fasterxml\classmate\1.5.1\classmate-1.5.1.jar;C:\Users\Igor\.m2\repository\org\glassfish\jaxb\jaxb-runtime\4.0.1\jaxb-runtime-4.0.1.jar;C:\Users\Igor\.m2\repository\org\glassfish\jaxb\jaxb-core\4.0.1\jaxb-core-4.0.1.jar;C:\Users\Igor\.m2\repository\org\eclipse\angus\angus-activation\1.0.0\angus-activation-1.0.0.jar;C:\Users\Igor\.m2\repository\org\glassfish\jaxb\txw2\4.0.1\txw2-4.0.1.jar;C:\Users\Igor\.m2\repository\com\sun\istack\istack-commons-runtime\4.1.1\istack-commons-runtime-4.1.1.jar;C:\Users\Igor\.m2\repository\jakarta\inject\jakarta.inject-api\2.0.0\jakarta.inject-api-2.0.0.jar;C:\Users\Igor\.m2\repository\org\antlr\antlr4-runtime\4.10.1\antlr4-runtime-4.10.1.jar;C:\Users\Igor\.m2\repository\org\springframework\data\spring-data-jpa\3.0.1\spring-data-jpa-3.0.1.jar;C:\Users\Igor\.m2\repository\org\springframework\data\spring-data-commons\3.0.1\spring-data-commons-3.0.1.jar;C:\Users\Igor\.m2\repository\org\springframework\spring-orm\6.0.4\spring-orm-6.0.4.jar;C:\Users\Igor\.m2\repository\org\springframework\spring-tx\6.0.4\spring-tx-6.0.4.jar;C:\Users\Igor\.m2\repository\org\springframework\spring-aspects\6.0.4\spring-aspects-6.0.4.jar;C:\Users\Igor\.m2\repository\org\postgresql\postgresql\42.5.3\postgresql-42.5.3.jar;C:\Users\Igor\.m2\repository\org\checkerframework\checker-qual\3.5.0\checker-qual-3.5.0.jar;C:\Users\Igor\.m2\repository\org\springframework\boot\spring-boot-starter-validation\3.0.2\spring-boot-starter-validation-3.0.2.jar;C:\Users\Igor\.m2\repository\org\apache\tomcat\embed\tomcat-embed-el\10.1.5\tomcat-embed-el-10.1.5.jar;C:\Users\Igor\.m2\repository\org\hibernate\validator\hibernate-validator\8.0.0.Final\hibernate-validator-8.0.0.Final.jar;C:\Users\Igor\.m2\repository\jakarta\validation\jakarta.validation-api\3.0.2\jakarta.validation-api-3.0.2.jar
Launcher Type: SUN_STANDARD

[Global flags]
     intx CICompilerCount                          = 3                                         {product} {ergonomic}
     uint ConcGCThreads                            = 1                                         {product} {ergonomic}
     uint G1ConcRefinementThreads                  = 4                                         {product} {ergonomic}
   size_t G1HeapRegionSize                         = 1048576                                   {product} {ergonomic}
    uintx GCDrainStackTargetSize                   = 64                                        {product} {ergonomic}
   size_t InitialHeapSize                          = 134217728                                 {product} {ergonomic}
   size_t MarkStackSize                            = 4194304                                   {product} {ergonomic}
   size_t MaxHeapSize                              = 2147483648                                {product} {ergonomic}
   size_t MaxNewSize                               = 1287651328                                {product} {ergonomic}
   size_t MinHeapDeltaBytes                        = 1048576                                   {product} {ergonomic}
   size_t MinHeapSize                              = 8388608                                   {product} {ergonomic}
    uintx NonNMethodCodeHeapSize                   = 5832780                                {pd product} {ergonomic}
    uintx NonProfiledCodeHeapSize                  = 122912730                              {pd product} {ergonomic}
    uintx ProfiledCodeHeapSize                     = 122912730                              {pd product} {ergonomic}
    uintx ReservedCodeCacheSize                    = 251658240                              {pd product} {ergonomic}
     bool SegmentedCodeCache                       = true                                      {product} {ergonomic}
   size_t SoftMaxHeapSize                          = 2147483648                             {manageable} {ergonomic}
     bool UseCompressedClassPointers               = true                           {product lp64_product} {ergonomic}
     bool UseCompressedOops                        = true                           {product lp64_product} {ergonomic}
     bool UseG1GC                                  = true                                      {product} {ergonomic}
     bool UseLargePagesIndividualAllocation        = false                                  {pd product} {ergonomic}

Logging:
Log output configuration:
 #0: stdout all=warning uptime,level,tags foldmultilines=false
 #1: stderr all=off uptime,level,tags foldmultilines=false

Environment Variables:
PATH=C:\Program Files\Common Files\Oracle\Java\javapath;C:\Program Files\Microsoft MPI\Bin\;C:\Program Files (x86)\Common Files\Oracle\Java\javapath;C:\WINDOWS\system32;C:\WINDOWS;C:\WINDOWS\System32\Wbem;C:\WINDOWS\System32\WindowsPowerShell\v1.0\;C:\Program Files (x86)\Common Files\Acronis\VirtualFile\;C:\Program Files (x86)\Common Files\Acronis\VirtualFile64\;C:\Program Files (x86)\Common Files\Acronis\SnapAPI\;C:\WINDOWS\System32\OpenSSH\;C:\Program Files (x86)\Git\cmd;C:\Program Files\dotnet\;C:\Program Files\Microsoft SQL Server\130\Tools\Binn\;C:\Program Files\Microsoft SQL Server\Client SDK\ODBC\170\Tools\Binn\;C:\Program Files (x86)\Microsoft SQL Server\150\Tools\Binn\;C:\Program Files\Microsoft SQL Server\150\Tools\Binn\;C:\Program Files (x86)\Microsoft SQL Server\150\DTS\Binn\;C:\Program Files\Microsoft SQL Server\150\DTS\Binn\;C:\Program Files\Azure Data Studio\bin;C:\Program Files\nodejs\;C:\xampp\php;C:\ProgramData\ComposerSetup\bin;C:\Users\Igor\AppData\Local\Microsoft\WindowsApps;C:\Users\Igor\.dotnet\tools;C:\Program Files\Azure Data Studio\bin;C:\Users\Igor\AppData\Local\Programs\Microsoft VS Code\bin;C:\Program Files (x86)\Brackets\;C:\Users\Igor\AppData\Roaming\npm;k:\Program Files\JetBrains\PhpStorm 2022.3\bin;;C:\Users\Igor\AppData\Roaming\Composer\vendor\bin;C:\Program Files\JetBrains\IntelliJ IDEA Community Edition 2022.3.2\bin;
USERNAME=Igor
OS=Windows_NT
PROCESSOR_IDENTIFIER=Intel64 Family 6 Model 23 Stepping 10, GenuineIntel
TMP=C:\Users\Igor\AppData\Local\Temp
TEMP=C:\Users\Igor\AppData\Local\Temp



---------------  S Y S T E M  ---------------

OS:
 Windows 10 , 64 bit Build 19041 (10.0.19041.2546)
OS uptime: 3 days 1:53 hours

CPU: total 4 (initial active 4) (4 cores per cpu, 1 threads per core) family 6 model 23 stepping 10 microcode 0xa0b, cx8, cmov, fxsr, mmx, sse, sse2, sse3, ssse3, sse4.1, tsc, clflush

Memory: 4k page, system-wide physical 8191M (563M free)
TotalPageFile size 18191M (AvailPageFile size 0M)
current process WorkingSet (physical memory assigned to process): 257M, peak: 289M
current process commit charge ("private bytes"): 457M, peak: 458M

vm_info: Java HotSpot(TM) 64-Bit Server VM (19.0.2+7-44) for windows-amd64 JRE (19.0.2+7-44), built on 2022-11-30T18:02:09Z by "mach5one" with MS VC++ 17.1 (VS2022)

END.
